{
  message: 'Redis Client Connected',
  level: 'info',
  service: 'general-service',
  timestamp: '2026-04-16T21:42:48.760Z'
}
{
  message: 'MongoDB connected',
  level: 'info',
  service: 'general-service',
  timestamp: '2026-04-16T21:42:51.691Z'
}
{
  message: 'Server running on port 8000',
  level: 'info',
  service: 'general-service',
  timestamp: '2026-04-16T21:42:51.696Z'
}
{
  message: '::1 - - [16/Apr/2026:21:43:04 +0000] "GET /api/project/get-projects HTTP/1.1" 401 73 "http://localhost:5173/" "Mozilla/5.0 (Macintosh; Intel Mac OS X 10_15_7) AppleWebKit/537.36 (KHTML, like Gecko) Chrome/147.0.0.0 Safari/537.36"',
  level: 'info',
  service: 'general-service',
  timestamp: '2026-04-16T21:43:04.284Z'
}
{
  message: '::1 - - [16/Apr/2026:21:43:05 +0000] "GET /api/project/get-projects HTTP/1.1" 401 73 "http://localhost:5173/" "Mozilla/5.0 (Macintosh; Intel Mac OS X 10_15_7) AppleWebKit/537.36 (KHTML, like Gecko) Chrome/147.0.0.0 Safari/537.36"',
  level: 'info',
  service: 'general-service',
  timestamp: '2026-04-16T21:43:05.146Z'
}
{
  message: '::1 - - [16/Apr/2026:21:43:21 +0000] "POST /api/auth/login HTTP/1.1" 429 82 "http://localhost:5173/" "Mozilla/5.0 (Macintosh; Intel Mac OS X 10_15_7) AppleWebKit/537.36 (KHTML, like Gecko) Chrome/147.0.0.0 Safari/537.36"',
  level: 'info',
  service: 'general-service',
  timestamp: '2026-04-16T21:43:21.456Z'
}
{
  message: '::1 - - [16/Apr/2026:21:43:28 +0000] "POST /api/auth/login HTTP/1.1" 200 788 "http://localhost:5173/" "Mozilla/5.0 (Macintosh; Intel Mac OS X 10_15_7) AppleWebKit/537.36 (KHTML, like Gecko) Chrome/147.0.0.0 Safari/537.36"',
  level: 'info',
  service: 'general-service',
  timestamp: '2026-04-16T21:43:28.547Z'
}
{
  message: '::1 - - [16/Apr/2026:21:43:28 +0000] "GET /api/general/dashboard HTTP/1.1" 200 1443 "http://localhost:5173/" "Mozilla/5.0 (Macintosh; Intel Mac OS X 10_15_7) AppleWebKit/537.36 (KHTML, like Gecko) Chrome/147.0.0.0 Safari/537.36"',
  level: 'info',
  service: 'general-service',
  timestamp: '2026-04-16T21:43:28.829Z'
}
{
  message: '::1 - - [16/Apr/2026:21:43:28 +0000] "GET /api/general/dashboard HTTP/1.1" 304 - "http://localhost:5173/" "Mozilla/5.0 (Macintosh; Intel Mac OS X 10_15_7) AppleWebKit/537.36 (KHTML, like Gecko) Chrome/147.0.0.0 Safari/537.36"',
  level: 'info',
  service: 'general-service',
  timestamp: '2026-04-16T21:43:28.995Z'
}
{
  message: '::1 - - [16/Apr/2026:21:43:45 +0000] "GET /api/project/get-projects HTTP/1.1" 200 1401 "http://localhost:5173/" "Mozilla/5.0 (Macintosh; Intel Mac OS X 10_15_7) AppleWebKit/537.36 (KHTML, like Gecko) Chrome/147.0.0.0 Safari/537.36"',
  level: 'info',
  service: 'general-service',
  timestamp: '2026-04-16T21:43:45.968Z'
}
{
  message: '::1 - - [16/Apr/2026:21:43:46 +0000] "GET /api/project/get-projects HTTP/1.1" 200 1401 "http://localhost:5173/" "Mozilla/5.0 (Macintosh; Intel Mac OS X 10_15_7) AppleWebKit/537.36 (KHTML, like Gecko) Chrome/147.0.0.0 Safari/537.36"',
  level: 'info',
  service: 'general-service',
  timestamp: '2026-04-16T21:43:46.074Z'
}
{
  message: '::1 - - [16/Apr/2026:21:44:24 +0000] "GET /api/project/get-projects HTTP/1.1" 200 1401 "http://localhost:5173/" "Mozilla/5.0 (Macintosh; Intel Mac OS X 10_15_7) AppleWebKit/537.36 (KHTML, like Gecko) Chrome/147.0.0.0 Safari/537.36"',
  level: 'info',
  service: 'general-service',
  timestamp: '2026-04-16T21:44:24.826Z'
}
{
  message: '::1 - - [16/Apr/2026:21:44:24 +0000] "GET /api/project/get-projects HTTP/1.1" 304 - "http://localhost:5173/" "Mozilla/5.0 (Macintosh; Intel Mac OS X 10_15_7) AppleWebKit/537.36 (KHTML, like Gecko) Chrome/147.0.0.0 Safari/537.36"',
  level: 'info',
  service: 'general-service',
  timestamp: '2026-04-16T21:44:24.937Z'
}
{
  message: 'Redis Client Connected',
  level: 'info',
  service: 'general-service',
  timestamp: '2026-04-16T21:44:28.111Z'
}
{
  message: 'MongoDB connected',
  level: 'info',
  service: 'general-service',
  timestamp: '2026-04-16T21:44:30.922Z'
}
{
  message: 'Server running on port 8000',
  level: 'info',
  service: 'general-service',
  timestamp: '2026-04-16T21:44:30.924Z'
}
{
  message: '::1 - - [16/Apr/2026:21:44:33 +0000] "GET /api/project/get-projects HTTP/1.1" 200 1401 "http://localhost:5173/" "Mozilla/5.0 (Macintosh; Intel Mac OS X 10_15_7) AppleWebKit/537.36 (KHTML, like Gecko) Chrome/147.0.0.0 Safari/537.36"',
  level: 'info',
  service: 'general-service',
  timestamp: '2026-04-16T21:44:33.316Z'
}
{
  message: '::1 - - [16/Apr/2026:21:44:33 +0000] "GET /api/project/get-projects HTTP/1.1" 304 - "http://localhost:5173/" "Mozilla/5.0 (Macintosh; Intel Mac OS X 10_15_7) AppleWebKit/537.36 (KHTML, like Gecko) Chrome/147.0.0.0 Safari/537.36"',
  level: 'info',
  service: 'general-service',
  timestamp: '2026-04-16T21:44:33.433Z'
}
{
  message: 'Redis Client Connected',
  level: 'info',
  service: 'general-service',
  timestamp: '2026-04-16T21:45:35.267Z'
}
{
  message: 'MongoDB connected',
  level: 'info',
  service: 'general-service',
  timestamp: '2026-04-16T21:45:37.914Z'
}
{
  message: 'Server running on port 8000',
  level: 'info',
  service: 'general-service',
  timestamp: '2026-04-16T21:45:37.920Z'
}
{
  message: '::1 - - [16/Apr/2026:21:45:40 +0000] "GET /api/project/get-projects HTTP/1.1" 200 1401 "http://localhost:5173/" "Mozilla/5.0 (Macintosh; Intel Mac OS X 10_15_7) AppleWebKit/537.36 (KHTML, like Gecko) Chrome/147.0.0.0 Safari/537.36"',
  level: 'info',
  service: 'general-service',
  timestamp: '2026-04-16T21:45:40.166Z'
}
{
  message: '::1 - - [16/Apr/2026:21:45:40 +0000] "GET /api/project/get-projects HTTP/1.1" 304 - "http://localhost:5173/" "Mozilla/5.0 (Macintosh; Intel Mac OS X 10_15_7) AppleWebKit/537.36 (KHTML, like Gecko) Chrome/147.0.0.0 Safari/537.36"',
  level: 'info',
  service: 'general-service',
  timestamp: '2026-04-16T21:45:40.271Z'
}
{
  message: '::1 - - [16/Apr/2026:21:46:23 +0000] "GET /api/project/get-projects HTTP/1.1" 200 1401 "http://localhost:5173/" "Mozilla/5.0 (Macintosh; Intel Mac OS X 10_15_7) AppleWebKit/537.36 (KHTML, like Gecko) Chrome/147.0.0.0 Safari/537.36"',
  level: 'info',
  service: 'general-service',
  timestamp: '2026-04-16T21:46:23.653Z'
}
{
  message: '::1 - - [16/Apr/2026:21:46:23 +0000] "GET /api/project/get-projects HTTP/1.1" 304 - "http://localhost:5173/" "Mozilla/5.0 (Macintosh; Intel Mac OS X 10_15_7) AppleWebKit/537.36 (KHTML, like Gecko) Chrome/147.0.0.0 Safari/537.36"',
  level: 'info',
  service: 'general-service',
  timestamp: '2026-04-16T21:46:23.761Z'
}
{
  message: '::1 - - [16/Apr/2026:21:46:28 +0000] "GET /api/project/get-projects HTTP/1.1" 200 1401 "http://localhost:5173/" "Mozilla/5.0 (Macintosh; Intel Mac OS X 10_15_7) AppleWebKit/537.36 (KHTML, like Gecko) Chrome/147.0.0.0 Safari/537.36"',
  level: 'info',
  service: 'general-service',
  timestamp: '2026-04-16T21:46:28.414Z'
}
{
  message: '::1 - - [16/Apr/2026:21:46:28 +0000] "GET /api/project/get-projects HTTP/1.1" 304 - "http://localhost:5173/" "Mozilla/5.0 (Macintosh; Intel Mac OS X 10_15_7) AppleWebKit/537.36 (KHTML, like Gecko) Chrome/147.0.0.0 Safari/537.36"',
  level: 'info',
  service: 'general-service',
  timestamp: '2026-04-16T21:46:28.535Z'
}
{
  message: '::1 - - [16/Apr/2026:21:46:29 +0000] "GET /api/project/get-projects HTTP/1.1" 200 1401 "http://localhost:5173/" "Mozilla/5.0 (Macintosh; Intel Mac OS X 10_15_7) AppleWebKit/537.36 (KHTML, like Gecko) Chrome/147.0.0.0 Safari/537.36"',
  level: 'info',
  service: 'general-service',
  timestamp: '2026-04-16T21:46:29.456Z'
}
{
  message: '::1 - - [16/Apr/2026:21:46:29 +0000] "GET /api/project/get-projects HTTP/1.1" 304 - "http://localhost:5173/" "Mozilla/5.0 (Macintosh; Intel Mac OS X 10_15_7) AppleWebKit/537.36 (KHTML, like Gecko) Chrome/147.0.0.0 Safari/537.36"',
  level: 'info',
  service: 'general-service',
  timestamp: '2026-04-16T21:46:29.562Z'
}
{
  message: '::1 - - [16/Apr/2026:21:47:03 +0000] "GET /api/project/get-projects HTTP/1.1" 200 1401 "http://localhost:5173/" "Mozilla/5.0 (Macintosh; Intel Mac OS X 10_15_7) AppleWebKit/537.36 (KHTML, like Gecko) Chrome/147.0.0.0 Safari/537.36"',
  level: 'info',
  service: 'general-service',
  timestamp: '2026-04-16T21:47:03.046Z'
}
{
  message: '::1 - - [16/Apr/2026:21:47:03 +0000] "GET /api/project/get-projects HTTP/1.1" 304 - "http://localhost:5173/" "Mozilla/5.0 (Macintosh; Intel Mac OS X 10_15_7) AppleWebKit/537.36 (KHTML, like Gecko) Chrome/147.0.0.0 Safari/537.36"',
  level: 'info',
  service: 'general-service',
  timestamp: '2026-04-16T21:47:03.159Z'
}
{
  message: 'Redis Client Connected',
  level: 'info',
  service: 'general-service',
  timestamp: '2026-04-16T21:47:26.188Z'
}
{
  message: 'MongoDB connected',
  level: 'info',
  service: 'general-service',
  timestamp: '2026-04-16T21:47:30.707Z'
}
{
  message: 'Server running on port 8000',
  level: 'info',
  service: 'general-service',
  timestamp: '2026-04-16T21:47:30.715Z'
}
{
  message: '::1 - - [16/Apr/2026:21:48:24 +0000] "GET /api/project/get-projects HTTP/1.1" 200 1401 "http://localhost:5173/" "Mozilla/5.0 (Macintosh; Intel Mac OS X 10_15_7) AppleWebKit/537.36 (KHTML, like Gecko) Chrome/147.0.0.0 Safari/537.36"',
  level: 'info',
  service: 'general-service',
  timestamp: '2026-04-16T21:48:24.872Z'
}
{
  message: '::1 - - [16/Apr/2026:21:48:24 +0000] "GET /api/project/get-projects HTTP/1.1" 304 - "http://localhost:5173/" "Mozilla/5.0 (Macintosh; Intel Mac OS X 10_15_7) AppleWebKit/537.36 (KHTML, like Gecko) Chrome/147.0.0.0 Safari/537.36"',
  level: 'info',
  service: 'general-service',
  timestamp: '2026-04-16T21:48:24.985Z'
}
{
  message: '::1 - - [16/Apr/2026:21:48:42 +0000] "GET /api/project/get-projects HTTP/1.1" 200 1401 "http://localhost:5173/" "Mozilla/5.0 (Macintosh; Intel Mac OS X 10_15_7) AppleWebKit/537.36 (KHTML, like Gecko) Chrome/147.0.0.0 Safari/537.36"',
  level: 'info',
  service: 'general-service',
  timestamp: '2026-04-16T21:48:42.508Z'
}
{
  message: '::1 - - [16/Apr/2026:21:48:42 +0000] "GET /api/project/get-projects HTTP/1.1" 304 - "http://localhost:5173/" "Mozilla/5.0 (Macintosh; Intel Mac OS X 10_15_7) AppleWebKit/537.36 (KHTML, like Gecko) Chrome/147.0.0.0 Safari/537.36"',
  level: 'info',
  service: 'general-service',
  timestamp: '2026-04-16T21:48:42.617Z'
}
{
  message: '::1 - - [16/Apr/2026:21:49:16 +0000] "GET /api/project/get-projects HTTP/1.1" 200 1401 "http://localhost:5173/" "Mozilla/5.0 (Macintosh; Intel Mac OS X 10_15_7) AppleWebKit/537.36 (KHTML, like Gecko) Chrome/147.0.0.0 Safari/537.36"',
  level: 'info',
  service: 'general-service',
  timestamp: '2026-04-16T21:49:16.872Z'
}
{
  message: '::1 - - [16/Apr/2026:21:49:16 +0000] "GET /api/project/get-projects HTTP/1.1" 304 - "http://localhost:5173/" "Mozilla/5.0 (Macintosh; Intel Mac OS X 10_15_7) AppleWebKit/537.36 (KHTML, like Gecko) Chrome/147.0.0.0 Safari/537.36"',
  level: 'info',
  service: 'general-service',
  timestamp: '2026-04-16T21:49:16.981Z'
}
{
  message: '::1 - - [16/Apr/2026:21:49:52 +0000] "POST /api/auth/login HTTP/1.1" 200 788 "http://localhost:5173/" "Mozilla/5.0 (Macintosh; Intel Mac OS X 10_15_7) AppleWebKit/537.36 (KHTML, like Gecko) Chrome/147.0.0.0 Safari/537.36"',
  level: 'info',
  service: 'general-service',
  timestamp: '2026-04-16T21:49:52.778Z'
}
{
  message: '::1 - - [16/Apr/2026:21:49:53 +0000] "GET /api/general/dashboard HTTP/1.1" 200 1443 "http://localhost:5173/" "Mozilla/5.0 (Macintosh; Intel Mac OS X 10_15_7) AppleWebKit/537.36 (KHTML, like Gecko) Chrome/147.0.0.0 Safari/537.36"',
  level: 'info',
  service: 'general-service',
  timestamp: '2026-04-16T21:49:53.017Z'
}
{
  message: '::1 - - [16/Apr/2026:21:49:53 +0000] "GET /api/general/dashboard HTTP/1.1" 200 1443 "http://localhost:5173/" "Mozilla/5.0 (Macintosh; Intel Mac OS X 10_15_7) AppleWebKit/537.36 (KHTML, like Gecko) Chrome/147.0.0.0 Safari/537.36"',
  level: 'info',
  service: 'general-service',
  timestamp: '2026-04-16T21:49:53.183Z'
}
{
  message: '::1 - - [16/Apr/2026:21:49:54 +0000] "GET /api/project/get-projects HTTP/1.1" 200 1401 "http://localhost:5173/" "Mozilla/5.0 (Macintosh; Intel Mac OS X 10_15_7) AppleWebKit/537.36 (KHTML, like Gecko) Chrome/147.0.0.0 Safari/537.36"',
  level: 'info',
  service: 'general-service',
  timestamp: '2026-04-16T21:49:54.742Z'
}
{
  message: '::1 - - [16/Apr/2026:21:49:54 +0000] "GET /api/project/get-projects HTTP/1.1" 304 - "http://localhost:5173/" "Mozilla/5.0 (Macintosh; Intel Mac OS X 10_15_7) AppleWebKit/537.36 (KHTML, like Gecko) Chrome/147.0.0.0 Safari/537.36"',
  level: 'info',
  service: 'general-service',
  timestamp: '2026-04-16T21:49:54.923Z'
}
{
  message: '::1 - - [16/Apr/2026:21:50:27 +0000] "GET /api/project/get-projects HTTP/1.1" 200 1401 "http://localhost:5173/" "Mozilla/5.0 (Macintosh; Intel Mac OS X 10_15_7) AppleWebKit/537.36 (KHTML, like Gecko) Chrome/147.0.0.0 Safari/537.36"',
  level: 'info',
  service: 'general-service',
  timestamp: '2026-04-16T21:50:27.984Z'
}
{
  message: '::1 - - [16/Apr/2026:21:50:28 +0000] "GET /api/project/get-projects HTTP/1.1" 200 1401 "http://localhost:5173/" "Mozilla/5.0 (Macintosh; Intel Mac OS X 10_15_7) AppleWebKit/537.36 (KHTML, like Gecko) Chrome/147.0.0.0 Safari/537.36"',
  level: 'info',
  service: 'general-service',
  timestamp: '2026-04-16T21:50:28.103Z'
}
{
  message: '::1 - - [16/Apr/2026:21:50:30 +0000] "GET /api/project/get-projects HTTP/1.1" 200 1401 "http://localhost:5173/" "Mozilla/5.0 (Macintosh; Intel Mac OS X 10_15_7) AppleWebKit/537.36 (KHTML, like Gecko) Chrome/147.0.0.0 Safari/537.36"',
  level: 'info',
  service: 'general-service',
  timestamp: '2026-04-16T21:50:30.455Z'
}
{
  message: '::1 - - [16/Apr/2026:21:50:30 +0000] "GET /api/project/get-projects HTTP/1.1" 304 - "http://localhost:5173/" "Mozilla/5.0 (Macintosh; Intel Mac OS X 10_15_7) AppleWebKit/537.36 (KHTML, like Gecko) Chrome/147.0.0.0 Safari/537.36"',
  level: 'info',
  service: 'general-service',
  timestamp: '2026-04-16T21:50:30.565Z'
}
{
  message: '::1 - - [16/Apr/2026:22:00:05 +0000] "GET /api/project/get-projects HTTP/1.1" 200 1401 "http://localhost:5173/" "Mozilla/5.0 (Macintosh; Intel Mac OS X 10_15_7) AppleWebKit/537.36 (KHTML, like Gecko) Chrome/147.0.0.0 Safari/537.36"',
  level: 'info',
  service: 'general-service',
  timestamp: '2026-04-16T22:00:05.770Z'
}
{
  message: '::1 - - [16/Apr/2026:22:00:05 +0000] "GET /api/project/get-projects HTTP/1.1" 304 - "http://localhost:5173/" "Mozilla/5.0 (Macintosh; Intel Mac OS X 10_15_7) AppleWebKit/537.36 (KHTML, like Gecko) Chrome/147.0.0.0 Safari/537.36"',
  level: 'info',
  service: 'general-service',
  timestamp: '2026-04-16T22:00:05.917Z'
}
{
  message: '::1 - - [16/Apr/2026:22:00:11 +0000] "GET /api/project/get-projects HTTP/1.1" 200 1401 "http://localhost:5173/" "Mozilla/5.0 (Macintosh; Intel Mac OS X 10_15_7) AppleWebKit/537.36 (KHTML, like Gecko) Chrome/147.0.0.0 Safari/537.36"',
  level: 'info',
  service: 'general-service',
  timestamp: '2026-04-16T22:00:11.412Z'
}
{
  message: '::1 - - [16/Apr/2026:22:00:11 +0000] "GET /api/project/get-projects HTTP/1.1" 304 - "http://localhost:5173/" "Mozilla/5.0 (Macintosh; Intel Mac OS X 10_15_7) AppleWebKit/537.36 (KHTML, like Gecko) Chrome/147.0.0.0 Safari/537.36"',
  level: 'info',
  service: 'general-service',
  timestamp: '2026-04-16T22:00:11.528Z'
}
{
  message: '::1 - - [16/Apr/2026:22:00:56 +0000] "GET /api/project/get-projects HTTP/1.1" 200 1401 "http://localhost:5173/" "Mozilla/5.0 (Macintosh; Intel Mac OS X 10_15_7) AppleWebKit/537.36 (KHTML, like Gecko) Chrome/147.0.0.0 Safari/537.36"',
  level: 'info',
  service: 'general-service',
  timestamp: '2026-04-16T22:00:56.741Z'
}
{
  message: '::1 - - [16/Apr/2026:22:00:56 +0000] "GET /api/project/get-projects HTTP/1.1" 304 - "http://localhost:5173/" "Mozilla/5.0 (Macintosh; Intel Mac OS X 10_15_7) AppleWebKit/537.36 (KHTML, like Gecko) Chrome/147.0.0.0 Safari/537.36"',
  level: 'info',
  service: 'general-service',
  timestamp: '2026-04-16T22:00:56.855Z'
}
{
  message: '::1 - - [16/Apr/2026:22:03:02 +0000] "GET /api/project/get-projects HTTP/1.1" 200 1401 "http://localhost:5173/" "Mozilla/5.0 (Macintosh; Intel Mac OS X 10_15_7) AppleWebKit/537.36 (KHTML, like Gecko) Chrome/147.0.0.0 Safari/537.36"',
  level: 'info',
  service: 'general-service',
  timestamp: '2026-04-16T22:03:02.355Z'
}
{
  message: '::1 - - [16/Apr/2026:22:03:02 +0000] "GET /api/project/get-projects HTTP/1.1" 304 - "http://localhost:5173/" "Mozilla/5.0 (Macintosh; Intel Mac OS X 10_15_7) AppleWebKit/537.36 (KHTML, like Gecko) Chrome/147.0.0.0 Safari/537.36"',
  level: 'info',
  service: 'general-service',
  timestamp: '2026-04-16T22:03:02.471Z'
}
{
  message: '::1 - - [16/Apr/2026:22:03:08 +0000] "GET /api/company/me HTTP/1.1" 200 1395 "http://localhost:5173/" "Mozilla/5.0 (Macintosh; Intel Mac OS X 10_15_7) AppleWebKit/537.36 (KHTML, like Gecko) Chrome/147.0.0.0 Safari/537.36"',
  level: 'info',
  service: 'general-service',
  timestamp: '2026-04-16T22:03:08.742Z'
}
{
  message: '::1 - - [16/Apr/2026:22:03:08 +0000] "GET /api/project/get-projects HTTP/1.1" 200 1401 "http://localhost:5173/" "Mozilla/5.0 (Macintosh; Intel Mac OS X 10_15_7) AppleWebKit/537.36 (KHTML, like Gecko) Chrome/147.0.0.0 Safari/537.36"',
  level: 'info',
  service: 'general-service',
  timestamp: '2026-04-16T22:03:08.786Z'
}
{
  message: '::1 - - [16/Apr/2026:22:03:28 +0000] "GET /api/project/get-projects HTTP/1.1" 200 1401 "http://localhost:5173/" "Mozilla/5.0 (Macintosh; Intel Mac OS X 10_15_7) AppleWebKit/537.36 (KHTML, like Gecko) Chrome/147.0.0.0 Safari/537.36"',
  level: 'info',
  service: 'general-service',
  timestamp: '2026-04-16T22:03:28.824Z'
}
{
  message: '::1 - - [16/Apr/2026:22:03:31 +0000] "GET /api/project/get-projects HTTP/1.1" 200 1401 "http://localhost:5173/" "Mozilla/5.0 (Macintosh; Intel Mac OS X 10_15_7) AppleWebKit/537.36 (KHTML, like Gecko) Chrome/147.0.0.0 Safari/537.36"',
  level: 'info',
  service: 'general-service',
  timestamp: '2026-04-16T22:03:31.497Z'
}
{
  message: '::1 - - [16/Apr/2026:22:03:31 +0000] "GET /api/project/get-projects HTTP/1.1" 304 - "http://localhost:5173/" "Mozilla/5.0 (Macintosh; Intel Mac OS X 10_15_7) AppleWebKit/537.36 (KHTML, like Gecko) Chrome/147.0.0.0 Safari/537.36"',
  level: 'info',
  service: 'general-service',
  timestamp: '2026-04-16T22:03:31.610Z'
}
{
  message: '::1 - - [16/Apr/2026:22:03:46 +0000] "GET /api/project/get-projects HTTP/1.1" 200 1401 "http://localhost:5173/" "Mozilla/5.0 (Macintosh; Intel Mac OS X 10_15_7) AppleWebKit/537.36 (KHTML, like Gecko) Chrome/147.0.0.0 Safari/537.36"',
  level: 'info',
  service: 'general-service',
  timestamp: '2026-04-16T22:03:46.429Z'
}
{
  message: '::1 - - [16/Apr/2026:22:03:46 +0000] "GET /api/project/get-projects HTTP/1.1" 304 - "http://localhost:5173/" "Mozilla/5.0 (Macintosh; Intel Mac OS X 10_15_7) AppleWebKit/537.36 (KHTML, like Gecko) Chrome/147.0.0.0 Safari/537.36"',
  level: 'info',
  service: 'general-service',
  timestamp: '2026-04-16T22:03:46.536Z'
}
{
  message: '::1 - - [16/Apr/2026:22:03:51 +0000] "GET /api/project/get-projects HTTP/1.1" 200 1401 "http://localhost:5173/" "Mozilla/5.0 (Macintosh; Intel Mac OS X 10_15_7) AppleWebKit/537.36 (KHTML, like Gecko) Chrome/147.0.0.0 Safari/537.36"',
  level: 'info',
  service: 'general-service',
  timestamp: '2026-04-16T22:03:51.646Z'
}
{
  message: '::1 - - [16/Apr/2026:22:03:51 +0000] "GET /api/project/get-projects HTTP/1.1" 304 - "http://localhost:5173/" "Mozilla/5.0 (Macintosh; Intel Mac OS X 10_15_7) AppleWebKit/537.36 (KHTML, like Gecko) Chrome/147.0.0.0 Safari/537.36"',
  level: 'info',
  service: 'general-service',
  timestamp: '2026-04-16T22:03:51.762Z'
}
{
  message: '::1 - - [16/Apr/2026:22:05:57 +0000] "GET /api/project/get-projects HTTP/1.1" 401 65 "http://localhost:5173/" "Mozilla/5.0 (Macintosh; Intel Mac OS X 10_15_7) AppleWebKit/537.36 (KHTML, like Gecko) Chrome/147.0.0.0 Safari/537.36"',
  level: 'info',
  service: 'general-service',
  timestamp: '2026-04-16T22:05:57.265Z'
}
{
  message: '::1 - - [16/Apr/2026:22:05:57 +0000] "GET /api/project/get-projects HTTP/1.1" 401 65 "http://localhost:5173/" "Mozilla/5.0 (Macintosh; Intel Mac OS X 10_15_7) AppleWebKit/537.36 (KHTML, like Gecko) Chrome/147.0.0.0 Safari/537.36"',
  level: 'info',
  service: 'general-service',
  timestamp: '2026-04-16T22:05:57.268Z'
}
{
  message: '::1 - - [16/Apr/2026:22:07:09 +0000] "GET /api/project/get-projects HTTP/1.1" 401 65 "http://localhost:5173/" "Mozilla/5.0 (Macintosh; Intel Mac OS X 10_15_7) AppleWebKit/537.36 (KHTML, like Gecko) Chrome/147.0.0.0 Safari/537.36"',
  level: 'info',
  service: 'general-service',
  timestamp: '2026-04-16T22:07:09.276Z'
}
{
  message: '::1 - - [16/Apr/2026:22:07:09 +0000] "GET /api/project/get-projects HTTP/1.1" 401 65 "http://localhost:5173/" "Mozilla/5.0 (Macintosh; Intel Mac OS X 10_15_7) AppleWebKit/537.36 (KHTML, like Gecko) Chrome/147.0.0.0 Safari/537.36"',
  level: 'info',
  service: 'general-service',
  timestamp: '2026-04-16T22:07:09.279Z'
}
{
  message: '::1 - - [16/Apr/2026:22:07:37 +0000] "GET /api/project/get-projects HTTP/1.1" 401 65 "http://localhost:5173/" "Mozilla/5.0 (Macintosh; Intel Mac OS X 10_15_7) AppleWebKit/537.36 (KHTML, like Gecko) Chrome/147.0.0.0 Safari/537.36"',
  level: 'info',
  service: 'general-service',
  timestamp: '2026-04-16T22:07:37.844Z'
}
{
  message: '::1 - - [16/Apr/2026:22:07:37 +0000] "GET /api/project/get-projects HTTP/1.1" 401 65 "http://localhost:5173/" "Mozilla/5.0 (Macintosh; Intel Mac OS X 10_15_7) AppleWebKit/537.36 (KHTML, like Gecko) Chrome/147.0.0.0 Safari/537.36"',
  level: 'info',
  service: 'general-service',
  timestamp: '2026-04-16T22:07:37.849Z'
}
{
  message: '::1 - - [16/Apr/2026:22:08:00 +0000] "POST /api/auth/login HTTP/1.1" 200 788 "http://localhost:5173/" "Mozilla/5.0 (Macintosh; Intel Mac OS X 10_15_7) AppleWebKit/537.36 (KHTML, like Gecko) Chrome/147.0.0.0 Safari/537.36"',
  level: 'info',
  service: 'general-service',
  timestamp: '2026-04-16T22:08:00.653Z'
}
{
  message: '::1 - - [16/Apr/2026:22:08:00 +0000] "GET /api/general/dashboard HTTP/1.1" 200 1443 "http://localhost:5173/" "Mozilla/5.0 (Macintosh; Intel Mac OS X 10_15_7) AppleWebKit/537.36 (KHTML, like Gecko) Chrome/147.0.0.0 Safari/537.36"',
  level: 'info',
  service: 'general-service',
  timestamp: '2026-04-16T22:08:00.920Z'
}
{
  message: '::1 - - [16/Apr/2026:22:08:01 +0000] "GET /api/general/dashboard HTTP/1.1" 200 1443 "http://localhost:5173/" "Mozilla/5.0 (Macintosh; Intel Mac OS X 10_15_7) AppleWebKit/537.36 (KHTML, like Gecko) Chrome/147.0.0.0 Safari/537.36"',
  level: 'info',
  service: 'general-service',
  timestamp: '2026-04-16T22:08:01.075Z'
}
{
  message: '::1 - - [16/Apr/2026:22:08:12 +0000] "GET /api/project/get-projects HTTP/1.1" 200 1401 "http://localhost:5173/" "Mozilla/5.0 (Macintosh; Intel Mac OS X 10_15_7) AppleWebKit/537.36 (KHTML, like Gecko) Chrome/147.0.0.0 Safari/537.36"',
  level: 'info',
  service: 'general-service',
  timestamp: '2026-04-16T22:08:12.552Z'
}
{
  message: '::1 - - [16/Apr/2026:22:08:12 +0000] "GET /api/project/get-projects HTTP/1.1" 304 - "http://localhost:5173/" "Mozilla/5.0 (Macintosh; Intel Mac OS X 10_15_7) AppleWebKit/537.36 (KHTML, like Gecko) Chrome/147.0.0.0 Safari/537.36"',
  level: 'info',
  service: 'general-service',
  timestamp: '2026-04-16T22:08:12.657Z'
}
{
  message: 'Redis Client Connected',
  level: 'info',
  service: 'general-service',
  timestamp: '2026-04-16T23:02:10.992Z'
}
{
  message: 'MongoDB connected',
  level: 'info',
  service: 'general-service',
  timestamp: '2026-04-16T23:02:13.877Z'
}
{
  message: 'Server running on port 8000',
  level: 'info',
  service: 'general-service',
  timestamp: '2026-04-16T23:02:13.886Z'
}
{
  message: 'Redis Client Connected',
  level: 'info',
  service: 'general-service',
  timestamp: '2026-04-16T23:02:32.480Z'
}
{
  message: 'MongoDB connected',
  level: 'info',
  service: 'general-service',
  timestamp: '2026-04-16T23:02:35.122Z'
}
{
  message: 'Server running on port 8000',
  level: 'info',
  service: 'general-service',
  timestamp: '2026-04-16T23:02:35.130Z'
}
{
  message: '::1 - - [16/Apr/2026:23:03:43 +0000] "POST /api/auth/login HTTP/1.1" 200 788 "-" "PostmanRuntime/7.51.1"',
  level: 'info',
  service: 'general-service',
  timestamp: '2026-04-16T23:03:43.322Z'
}
{
  level: 'error',
  service: 'general-service',
  message: 'project is not defined',
  stack: 'ReferenceError: project is not defined\n' +
    '    at ProjectService.getProjects (/Users/bahri/Documents/www/Projects/EKA/backend_new/src/modules/project/core/project.service.js:39:15)\n' +
    '    at process.processTicksAndRejections (node:internal/process/task_queues:105:5)\n' +
    '    at async /Users/bahri/Documents/www/Projects/EKA/backend_new/src/modules/project/api/project.controller.js:7:20',
  timestamp: '2026-04-16T23:04:10.985Z'
}
{
  message: '::1 - - [16/Apr/2026:23:04:10 +0000] "GET /api/project/get-projects/ HTTP/1.1" 500 62 "-" "PostmanRuntime/7.51.1"',
  level: 'info',
  service: 'general-service',
  timestamp: '2026-04-16T23:04:10.992Z'
}
{
  message: 'Redis Client Connected',
  level: 'info',
  service: 'general-service',
  timestamp: '2026-04-16T23:04:28.321Z'
}
{
  message: 'MongoDB connected',
  level: 'info',
  service: 'general-service',
  timestamp: '2026-04-16T23:04:31.251Z'
}
{
  message: 'Server running on port 8000',
  level: 'info',
  service: 'general-service',
  timestamp: '2026-04-16T23:04:31.257Z'
}
{
  message: 'Redis Client Connected',
  level: 'info',
  service: 'general-service',
  timestamp: '2026-04-16T23:04:45.541Z'
}
{
  message: 'MongoDB connected',
  level: 'info',
  service: 'general-service',
  timestamp: '2026-04-16T23:04:48.144Z'
}
{
  message: 'Server running on port 8000',
  level: 'info',
  service: 'general-service',
  timestamp: '2026-04-16T23:04:48.148Z'
}
{
  message: 'Redis Client Connected',
  level: 'info',
  service: 'general-service',
  timestamp: '2026-04-16T23:05:00.970Z'
}
{
  message: 'MongoDB connected',
  level: 'info',
  service: 'general-service',
  timestamp: '2026-04-16T23:05:03.511Z'
}
{
  message: 'Server running on port 8000',
  level: 'info',
  service: 'general-service',
  timestamp: '2026-04-16T23:05:03.515Z'
}
{
  message: 'Redis Client Connected',
  level: 'info',
  service: 'general-service',
  timestamp: '2026-04-16T23:05:34.146Z'
}
{
  message: 'MongoDB connected',
  level: 'info',
  service: 'general-service',
  timestamp: '2026-04-16T23:05:36.713Z'
}
{
  message: 'Server running on port 8000',
  level: 'info',
  service: 'general-service',
  timestamp: '2026-04-16T23:05:36.715Z'
}
{
  message: '::1 - - [16/Apr/2026:23:05:49 +0000] "GET /api/project/get-projects/ HTTP/1.1" 200 1418 "-" "PostmanRuntime/7.51.1"',
  level: 'info',
  service: 'general-service',
  timestamp: '2026-04-16T23:05:49.940Z'
}
{
  message: 'Redis Client Connected',
  level: 'info',
  service: 'general-service',
  timestamp: '2026-04-16T23:06:21.789Z'
}
{
  message: 'MongoDB connected',
  level: 'info',
  service: 'general-service',
  timestamp: '2026-04-16T23:06:24.682Z'
}
{
  message: 'Server running on port 8000',
  level: 'info',
  service: 'general-service',
  timestamp: '2026-04-16T23:06:24.686Z'
}
{
  message: '::1 - - [16/Apr/2026:23:10:18 +0000] "GET /api/general/dashboard/ HTTP/1.1" 200 1460 "-" "PostmanRuntime/7.51.1"',
  level: 'info',
  service: 'general-service',
  timestamp: '2026-04-16T23:10:18.937Z'
}
{
  message: 'Redis Client Connected',
  level: 'info',
  service: 'general-service',
  timestamp: '2026-04-16T23:17:07.633Z'
}
{
  message: 'MongoDB connected',
  level: 'info',
  service: 'general-service',
  timestamp: '2026-04-16T23:17:10.535Z'
}
{
  message: 'Server running on port 8000',
  level: 'info',
  service: 'general-service',
  timestamp: '2026-04-16T23:17:10.539Z'
}
{
  message: 'Redis Client Connected',
  level: 'info',
  service: 'general-service',
  timestamp: '2026-04-16T23:17:14.562Z'
}
{
  message: 'MongoDB connected',
  level: 'info',
  service: 'general-service',
  timestamp: '2026-04-16T23:17:17.148Z'
}
{
  message: 'Server running on port 8000',
  level: 'info',
  service: 'general-service',
  timestamp: '2026-04-16T23:17:17.154Z'
}
{
  message: 'Redis Client Connected',
  level: 'info',
  service: 'general-service',
  timestamp: '2026-04-16T23:21:14.023Z'
}
{
  message: 'MongoDB connected',
  level: 'info',
  service: 'general-service',
  timestamp: '2026-04-16T23:21:17.108Z'
}
{
  message: 'Server running on port 8000',
  level: 'info',
  service: 'general-service',
  timestamp: '2026-04-16T23:21:17.113Z'
}
{
  message: 'Redis Client Connected',
  level: 'info',
  service: 'general-service',
  timestamp: '2026-04-16T23:21:23.675Z'
}
{
  message: 'MongoDB connected',
  level: 'info',
  service: 'general-service',
  timestamp: '2026-04-16T23:21:26.255Z'
}
{
  message: 'Server running on port 8000',
  level: 'info',
  service: 'general-service',
  timestamp: '2026-04-16T23:21:26.261Z'
}
{
  message: '::1 - - [16/Apr/2026:23:21:29 +0000] "GET /api/general/dashboard/ HTTP/1.1" 401 65 "-" "PostmanRuntime/7.51.1"',
  level: 'info',
  service: 'general-service',
  timestamp: '2026-04-16T23:21:29.159Z'
}
{
  message: '::1 - - [16/Apr/2026:23:21:33 +0000] "POST /api/auth/login HTTP/1.1" 200 788 "-" "PostmanRuntime/7.51.1"',
  level: 'info',
  service: 'general-service',
  timestamp: '2026-04-16T23:21:33.097Z'
}
{
  message: '::1 - - [16/Apr/2026:23:21:39 +0000] "GET /api/general/dashboard/ HTTP/1.1" 200 1667 "-" "PostmanRuntime/7.51.1"',
  level: 'info',
  service: 'general-service',
  timestamp: '2026-04-16T23:21:39.160Z'
}
{
  message: '::1 - - [16/Apr/2026:23:23:25 +0000] "GET /api/general/dashboard/ HTTP/1.1" 200 1684 "-" "PostmanRuntime/7.51.1"',
  level: 'info',
  service: 'general-service',
  timestamp: '2026-04-16T23:23:25.161Z'
}
{
  message: 'Redis Client Connected',
  level: 'info',
  service: 'general-service',
  timestamp: '2026-04-16T23:24:10.208Z'
}
{
  message: 'MongoDB connected',
  level: 'info',
  service: 'general-service',
  timestamp: '2026-04-16T23:24:13.053Z'
}
{
  message: 'Server running on port 8000',
  level: 'info',
  service: 'general-service',
  timestamp: '2026-04-16T23:24:13.060Z'
}
{
  message: 'Redis Client Connected',
  level: 'info',
  service: 'general-service',
  timestamp: '2026-04-16T23:25:57.318Z'
}
{
  message: 'MongoDB connected',
  level: 'info',
  service: 'general-service',
  timestamp: '2026-04-16T23:26:00.122Z'
}
{
  message: 'Server running on port 8000',
  level: 'info',
  service: 'general-service',
  timestamp: '2026-04-16T23:26:00.126Z'
}
{
  message: '::1 - - [16/Apr/2026:23:26:01 +0000] "GET /api/general/dashboard/ HTTP/1.1" 200 1684 "-" "PostmanRuntime/7.51.1"',
  level: 'info',
  service: 'general-service',
  timestamp: '2026-04-16T23:26:01.721Z'
}
{
  message: 'Redis Client Connected',
  level: 'info',
  service: 'general-service',
  timestamp: '2026-04-16T23:26:28.262Z'
}
{
  message: 'MongoDB connected',
  level: 'info',
  service: 'general-service',
  timestamp: '2026-04-16T23:26:30.847Z'
}
{
  message: 'Server running on port 8000',
  level: 'info',
  service: 'general-service',
  timestamp: '2026-04-16T23:26:30.853Z'
}
{
  message: '::1 - - [16/Apr/2026:23:26:33 +0000] "GET /api/general/dashboard/ HTTP/1.1" 200 1686 "-" "PostmanRuntime/7.51.1"',
  level: 'info',
  service: 'general-service',
  timestamp: '2026-04-16T23:26:33.656Z'
}
{
  message: '::1 - - [16/Apr/2026:23:27:10 +0000] "GET /api/general/dashboard/ HTTP/1.1" 200 1697 "-" "PostmanRuntime/7.51.1"',
  level: 'info',
  service: 'general-service',
  timestamp: '2026-04-16T23:27:10.081Z'
}
{
  message: '::1 - - [16/Apr/2026:23:27:23 +0000] "GET /api/general/dashboard/ HTTP/1.1" 200 1686 "-" "PostmanRuntime/7.51.1"',
  level: 'info',
  service: 'general-service',
  timestamp: '2026-04-16T23:27:23.969Z'
}
{
  message: '::1 - - [16/Apr/2026:23:27:30 +0000] "GET /api/general/dashboard/ HTTP/1.1" 200 1686 "-" "PostmanRuntime/7.51.1"',
  level: 'info',
  service: 'general-service',
  timestamp: '2026-04-16T23:27:30.729Z'
}
{
  message: 'Redis Client Connected',
  level: 'info',
  service: 'general-service',
  timestamp: '2026-04-16T23:27:47.347Z'
}
{
  message: 'MongoDB connected',
  level: 'info',
  service: 'general-service',
  timestamp: '2026-04-16T23:27:50.301Z'
}
{
  message: 'Server running on port 8000',
  level: 'info',
  service: 'general-service',
  timestamp: '2026-04-16T23:27:50.305Z'
}
{
  message: '::1 - - [16/Apr/2026:23:27:53 +0000] "GET /api/general/dashboard/ HTTP/1.1" 200 1686 "-" "PostmanRuntime/7.51.1"',
  level: 'info',
  service: 'general-service',
  timestamp: '2026-04-16T23:27:53.112Z'
}
{
  message: 'Redis Client Connected',
  level: 'info',
  service: 'general-service',
  timestamp: '2026-04-16T23:28:28.214Z'
}
{
  message: 'MongoDB connected',
  level: 'info',
  service: 'general-service',
  timestamp: '2026-04-16T23:28:30.847Z'
}
{
  message: 'Server running on port 8000',
  level: 'info',
  service: 'general-service',
  timestamp: '2026-04-16T23:28:30.852Z'
}
{
  message: '::1 - - [16/Apr/2026:23:28:31 +0000] "GET /api/general/dashboard/ HTTP/1.1" 200 1686 "-" "PostmanRuntime/7.51.1"',
  level: 'info',
  service: 'general-service',
  timestamp: '2026-04-16T23:28:31.795Z'
}
{
  message: 'Redis Client Connected',
  level: 'info',
  service: 'general-service',
  timestamp: '2026-04-16T23:30:26.613Z'
}
{
  message: 'MongoDB connected',
  level: 'info',
  service: 'general-service',
  timestamp: '2026-04-16T23:30:29.560Z'
}
{
  message: 'Server running on port 8000',
  level: 'info',
  service: 'general-service',
  timestamp: '2026-04-16T23:30:29.567Z'
}
{
  message: '::1 - - [16/Apr/2026:23:30:32 +0000] "GET /api/general/dashboard/ HTTP/1.1" 200 1686 "-" "PostmanRuntime/7.51.1"',
  level: 'info',
  service: 'general-service',
  timestamp: '2026-04-16T23:30:32.798Z'
}
{
  message: '::1 - - [16/Apr/2026:23:31:33 +0000] "GET /api/general/dashboard/ HTTP/1.1" 200 1686 "-" "PostmanRuntime/7.51.1"',
  level: 'info',
  service: 'general-service',
  timestamp: '2026-04-16T23:31:33.967Z'
}
{
  message: 'Redis Client Connected',
  level: 'info',
  service: 'general-service',
  timestamp: '2026-04-16T23:32:19.095Z'
}
{
  message: 'MongoDB connected',
  level: 'info',
  service: 'general-service',
  timestamp: '2026-04-16T23:32:21.893Z'
}
{
  message: 'Server running on port 8000',
  level: 'info',
  service: 'general-service',
  timestamp: '2026-04-16T23:32:21.899Z'
}
{
  level: 'error',
  service: 'general-service',
  message: 'project.partnerId.equals is not a function',
  stack: 'TypeError: project.partnerId.equals is not a function\n' +
    '    at /Users/bahri/Documents/www/Projects/EKA/backend_new/src/modules/project/core/project.service.js:39:39\n' +
    '    at Array.map (<anonymous>)\n' +
    '    at ProjectService.getProjects (/Users/bahri/Documents/www/Projects/EKA/backend_new/src/modules/project/core/project.service.js:36:16)\n' +
    '    at process.processTicksAndRejections (node:internal/process/task_queues:105:5)\n' +
    '    at async GeneralService.getDashboardStats (/Users/bahri/Documents/www/Projects/EKA/backend_new/src/modules/general/core/general.service.js:32:22)\n' +
    '    at async /Users/bahri/Documents/www/Projects/EKA/backend_new/src/modules/general/api/general.controller.js:14:17',
  timestamp: '2026-04-16T23:32:25.800Z'
}
{
  message: '::1 - - [16/Apr/2026:23:32:25 +0000] "GET /api/general/dashboard/ HTTP/1.1" 500 62 "-" "PostmanRuntime/7.51.1"',
  level: 'info',
  service: 'general-service',
  timestamp: '2026-04-16T23:32:25.813Z'
}
{
  message: 'Redis Client Connected',
  level: 'info',
  service: 'general-service',
  timestamp: '2026-04-16T23:32:34.991Z'
}
{
  message: 'MongoDB connected',
  level: 'info',
  service: 'general-service',
  timestamp: '2026-04-16T23:32:37.528Z'
}
{
  message: 'Server running on port 8000',
  level: 'info',
  service: 'general-service',
  timestamp: '2026-04-16T23:32:37.530Z'
}
{
  message: 'Redis Client Connected',
  level: 'info',
  service: 'general-service',
  timestamp: '2026-04-16T23:32:46.808Z'
}
{
  message: 'MongoDB connected',
  level: 'info',
  service: 'general-service',
  timestamp: '2026-04-16T23:32:49.405Z'
}
{
  message: 'Server running on port 8000',
  level: 'info',
  service: 'general-service',
  timestamp: '2026-04-16T23:32:49.412Z'
}
{
  message: '::1 - - [16/Apr/2026:23:32:50 +0000] "GET /api/general/dashboard/ HTTP/1.1" 200 1686 "-" "PostmanRuntime/7.51.1"',
  level: 'info',
  service: 'general-service',
  timestamp: '2026-04-16T23:32:50.541Z'
}
{
  message: 'Redis Client Connected',
  level: 'info',
  service: 'general-service',
  timestamp: '2026-04-16T23:33:08.258Z'
}
{
  message: 'Redis Client Connected',
  level: 'info',
  service: 'general-service',
  timestamp: '2026-04-16T23:33:09.070Z'
}
{
  message: 'MongoDB connected',
  level: 'info',
  service: 'general-service',
  timestamp: '2026-04-16T23:33:11.654Z'
}
{
  message: 'Server running on port 8000',
  level: 'info',
  service: 'general-service',
  timestamp: '2026-04-16T23:33:11.658Z'
}
{
  message: '::1 - - [16/Apr/2026:23:33:12 +0000] "GET /api/general/dashboard/ HTTP/1.1" 200 1686 "-" "PostmanRuntime/7.51.1"',
  level: 'info',
  service: 'general-service',
  timestamp: '2026-04-16T23:33:12.773Z'
}
{
  message: '::1 - - [16/Apr/2026:23:33:33 +0000] "GET /api/general/dashboard/ HTTP/1.1" 200 1685 "-" "PostmanRuntime/7.51.1"',
  level: 'info',
  service: 'general-service',
  timestamp: '2026-04-16T23:33:33.889Z'
}
{
  message: 'Redis Client Connected',
  level: 'info',
  service: 'general-service',
  timestamp: '2026-04-16T23:34:45.637Z'
}
{
  message: 'MongoDB connected',
  level: 'info',
  service: 'general-service',
  timestamp: '2026-04-16T23:34:48.577Z'
}
{
  message: 'Server running on port 8000',
  level: 'info',
  service: 'general-service',
  timestamp: '2026-04-16T23:34:48.586Z'
}
{
  message: '::1 - - [16/Apr/2026:23:34:51 +0000] "GET /api/general/dashboard/ HTTP/1.1" 200 1687 "-" "PostmanRuntime/7.51.1"',
  level: 'info',
  service: 'general-service',
  timestamp: '2026-04-16T23:34:51.416Z'
}
{
  message: 'Redis Client Connected',
  level: 'info',
  service: 'general-service',
  timestamp: '2026-04-16T23:44:39.018Z'
}
{
  message: 'MongoDB connected',
  level: 'info',
  service: 'general-service',
  timestamp: '2026-04-16T23:44:41.971Z'
}
{
  message: 'Server running on port 8000',
  level: 'info',
  service: 'general-service',
  timestamp: '2026-04-16T23:44:41.974Z'
}
{
  message: 'Redis Client Connected',
  level: 'info',
  service: 'general-service',
  timestamp: '2026-04-16T23:44:42.619Z'
}
{
  message: 'MongoDB connected',
  level: 'info',
  service: 'general-service',
  timestamp: '2026-04-16T23:44:45.164Z'
}
{
  message: 'Server running on port 8000',
  level: 'info',
  service: 'general-service',
  timestamp: '2026-04-16T23:44:45.168Z'
}
{
  message: 'Redis Client Connected',
  level: 'info',
  service: 'general-service',
  timestamp: '2026-04-16T23:46:46.582Z'
}
{
  message: 'MongoDB connected',
  level: 'info',
  service: 'general-service',
  timestamp: '2026-04-16T23:46:49.384Z'
}
{
  message: 'Server running on port 8000',
  level: 'info',
  service: 'general-service',
  timestamp: '2026-04-16T23:46:49.392Z'
}
{
  message: 'Redis Client Connected',
  level: 'info',
  service: 'general-service',
  timestamp: '2026-04-16T23:48:40.446Z'
}
{
  message: 'MongoDB connected',
  level: 'info',
  service: 'general-service',
  timestamp: '2026-04-16T23:48:44.915Z'
}
{
  message: 'Server running on port 8000',
  level: 'info',
  service: 'general-service',
  timestamp: '2026-04-16T23:48:44.929Z'
}
{
  message: 'Redis Client Connected',
  level: 'info',
  service: 'general-service',
  timestamp: '2026-04-16T23:49:33.016Z'
}
{
  message: 'MongoDB connected',
  level: 'info',
  service: 'general-service',
  timestamp: '2026-04-16T23:49:35.793Z'
}
{
  message: 'Server running on port 8000',
  level: 'info',
  service: 'general-service',
  timestamp: '2026-04-16T23:49:35.881Z'
}
{
  message: 'Redis Client Connected',
  level: 'info',
  service: 'general-service',
  timestamp: '2026-04-16T23:49:38.423Z'
}
{
  message: 'MongoDB connected',
  level: 'info',
  service: 'general-service',
  timestamp: '2026-04-16T23:49:40.995Z'
}
{
  message: 'Server running on port 8000',
  level: 'info',
  service: 'general-service',
  timestamp: '2026-04-16T23:49:41.001Z'
}
{
  message: 'Redis Client Connected',
  level: 'info',
  service: 'general-service',
  timestamp: '2026-04-16T23:49:48.149Z'
}
{
  message: 'MongoDB connected',
  level: 'info',
  service: 'general-service',
  timestamp: '2026-04-16T23:49:50.807Z'
}
{
  message: 'Server running on port 8000',
  level: 'info',
  service: 'general-service',
  timestamp: '2026-04-16T23:49:50.811Z'
}
{
  message: '::1 - - [16/Apr/2026:23:49:52 +0000] "POST /api/auth/login HTTP/1.1" 200 788 "-" "PostmanRuntime/7.51.1"',
  level: 'info',
  service: 'general-service',
  timestamp: '2026-04-16T23:49:52.087Z'
}
{
  message: '::1 - - [16/Apr/2026:23:50:06 +0000] "GET /api/review/get-reviews/ HTTP/1.1" 404 50 "-" "PostmanRuntime/7.51.1"',
  level: 'info',
  service: 'general-service',
  timestamp: '2026-04-16T23:50:06.782Z'
}
{
  message: '::1 - - [16/Apr/2026:23:50:30 +0000] "GET /api/review/get-review/69d56d7cc3ab7ad34c619af4 HTTP/1.1" 200 1447 "-" "PostmanRuntime/7.51.1"',
  level: 'info',
  service: 'general-service',
  timestamp: '2026-04-16T23:50:30.578Z'
}
{
  message: 'Redis Client Connected',
  level: 'info',
  service: 'general-service',
  timestamp: '2026-04-16T23:51:56.323Z'
}
{
  message: 'MongoDB connected',
  level: 'info',
  service: 'general-service',
  timestamp: '2026-04-16T23:51:59.120Z'
}
{
  message: 'Server running on port 8000',
  level: 'info',
  service: 'general-service',
  timestamp: '2026-04-16T23:51:59.134Z'
}
{
  message: '::1 - - [16/Apr/2026:23:52:00 +0000] "GET /api/review/get-review/69d56d7cc3ab7ad34c619af4 HTTP/1.1" 200 1413 "-" "PostmanRuntime/7.51.1"',
  level: 'info',
  service: 'general-service',
  timestamp: '2026-04-16T23:52:00.216Z'
}
{
  message: 'Redis Client Connected',
  level: 'info',
  service: 'general-service',
  timestamp: '2026-04-17T00:16:28.936Z'
}
{
  message: 'MongoDB connected',
  level: 'info',
  service: 'general-service',
  timestamp: '2026-04-17T00:16:31.824Z'
}
{
  message: 'Server running on port 8000',
  level: 'info',
  service: 'general-service',
  timestamp: '2026-04-17T00:16:31.832Z'
}
{
  message: 'Redis Client Connected',
  level: 'info',
  service: 'general-service',
  timestamp: '2026-04-17T00:17:14.016Z'
}
{
  message: 'MongoDB connected',
  level: 'info',
  service: 'general-service',
  timestamp: '2026-04-17T00:17:16.620Z'
}
{
  message: 'Server running on port 8000',
  level: 'info',
  service: 'general-service',
  timestamp: '2026-04-17T00:17:16.627Z'
}
{
  message: '::1 - - [17/Apr/2026:00:18:14 +0000] "POST /api/auth/login HTTP/1.1" 200 788 "-" "PostmanRuntime/7.51.1"',
  level: 'info',
  service: 'general-service',
  timestamp: '2026-04-17T00:18:14.992Z'
}
{
  message: '::1 - - [17/Apr/2026:00:20:12 +0000] "POST /api/project/create-project-request HTTP/1.1" 400 186 "-" "PostmanRuntime/7.51.1"',
  level: 'info',
  service: 'general-service',
  timestamp: '2026-04-17T00:20:12.972Z'
}
{
  expose: true,
  statusCode: 400,
  status: 400,
  body: '{\n' +
    '"tools": [\n' +
    '    "test"\n' +
    '  ],\n' +
    '  "budget": {\n' +
    '    "min": 50,\n' +
    '    "max": 100\n' +
    '  },\n' +
    '  "language": [\n' +
    '    "turkish",\n' +
    '    "eng"\n' +
    '  ],\n' +
    '  "description": "Desc",\n' +
    '  "partnerId":"69d56b98c1b5afda08a68fd1",\n' +
    '  "name": "Test Project",\n' +
    '}',
  type: 'entity.parse.failed',
  level: 'error',
  service: 'general-service',
  message: 'Expected double-quoted property name in JSON at position 217 (line 16 column 1)',
  stack: 'SyntaxError: Expected double-quoted property name in JSON at position 217 (line 16 column 1)\n' +
    '    at JSON.parse (<anonymous>)\n' +
    '    at parse (/Users/bahri/Documents/www/Projects/EKA/backend_new/node_modules/body-parser/lib/types/json.js:72:19)\n' +
    '    at /Users/bahri/Documents/www/Projects/EKA/backend_new/node_modules/body-parser/lib/read.js:162:18\n' +
    '    at AsyncResource.runInAsyncScope (node:async_hooks:214:14)\n' +
    '    at invokeCallback (/Users/bahri/Documents/www/Projects/EKA/backend_new/node_modules/raw-body/index.js:238:16)\n' +
    '    at done (/Users/bahri/Documents/www/Projects/EKA/backend_new/node_modules/raw-body/index.js:227:7)\n' +
    '    at IncomingMessage.onEnd (/Users/bahri/Documents/www/Projects/EKA/backend_new/node_modules/raw-body/index.js:287:7)\n' +
    '    at IncomingMessage.emit (node:events:508:28)\n' +
    '    at endReadableNT (node:internal/streams/readable:1701:12)\n' +
    '    at process.processTicksAndRejections (node:internal/process/task_queues:90:21)',
  timestamp: '2026-04-17T00:20:23.930Z'
}
{
  message: '::1 - - [17/Apr/2026:00:20:23 +0000] "POST /api/project/create-project-request HTTP/1.1" 500 62 "-" "PostmanRuntime/7.51.1"',
  level: 'info',
  service: 'general-service',
  timestamp: '2026-04-17T00:20:23.931Z'
}
{
  message: '::1 - - [17/Apr/2026:00:20:29 +0000] "POST /api/project/create-project-request HTTP/1.1" 201 1329 "-" "PostmanRuntime/7.51.1"',
  level: 'info',
  service: 'general-service',
  timestamp: '2026-04-17T00:20:29.758Z'
}
{
  message: 'Redis Client Connected',
  level: 'info',
  service: 'general-service',
  timestamp: '2026-04-17T00:56:27.033Z'
}
{
  message: 'MongoDB connected',
  level: 'info',
  service: 'general-service',
  timestamp: '2026-04-17T00:56:30.770Z'
}
{
  message: 'Server running on port 8000',
  level: 'info',
  service: 'general-service',
  timestamp: '2026-04-17T00:56:30.780Z'
}
{
  message: 'Redis Client Connected',
  level: 'info',
  service: 'general-service',
  timestamp: '2026-04-17T00:56:43.353Z'
}
{
  message: 'MongoDB connected',
  level: 'info',
  service: 'general-service',
  timestamp: '2026-04-17T00:56:45.928Z'
}
{
  message: 'Server running on port 8000',
  level: 'info',
  service: 'general-service',
  timestamp: '2026-04-17T00:56:45.934Z'
}
{
  message: 'Redis Client Connected',
  level: 'info',
  service: 'general-service',
  timestamp: '2026-04-17T00:56:56.918Z'
}
{
  message: 'MongoDB connected',
  level: 'info',
  service: 'general-service',
  timestamp: '2026-04-17T00:56:59.540Z'
}
{
  message: 'Server running on port 8000',
  level: 'info',
  service: 'general-service',
  timestamp: '2026-04-17T00:56:59.547Z'
}
{
  message: 'Redis Client Connected',
  level: 'info',
  service: 'general-service',
  timestamp: '2026-04-17T00:58:11.463Z'
}
{
  message: 'MongoDB connected',
  level: 'info',
  service: 'general-service',
  timestamp: '2026-04-17T00:58:14.326Z'
}
{
  message: 'Server running on port 8000',
  level: 'info',
  service: 'general-service',
  timestamp: '2026-04-17T00:58:14.334Z'
}
{
  message: 'Redis Client Connected',
  level: 'info',
  service: 'general-service',
  timestamp: '2026-04-17T00:58:36.453Z'
}
{
  message: 'MongoDB connected',
  level: 'info',
  service: 'general-service',
  timestamp: '2026-04-17T00:58:39.067Z'
}
{
  message: 'Server running on port 8000',
  level: 'info',
  service: 'general-service',
  timestamp: '2026-04-17T00:58:39.075Z'
}
{
  message: 'Redis Client Connected',
  level: 'info',
  service: 'general-service',
  timestamp: '2026-04-17T01:01:51.417Z'
}
{
  message: 'MongoDB connected',
  level: 'info',
  service: 'general-service',
  timestamp: '2026-04-17T01:01:54.380Z'
}
{
  message: 'Server running on port 8000',
  level: 'info',
  service: 'general-service',
  timestamp: '2026-04-17T01:01:54.390Z'
}
{
  message: 'Redis Client Connected',
  level: 'info',
  service: 'general-service',
  timestamp: '2026-04-17T01:02:01.594Z'
}
{
  message: 'MongoDB connected',
  level: 'info',
  service: 'general-service',
  timestamp: '2026-04-17T01:02:04.185Z'
}
{
  message: 'Server running on port 8000',
  level: 'info',
  service: 'general-service',
  timestamp: '2026-04-17T01:02:04.191Z'
}
{
  message: '::1 - - [17/Apr/2026:01:03:36 +0000] "POST /api/auth/login HTTP/1.1" 200 788 "-" "PostmanRuntime/7.51.1"',
  level: 'info',
  service: 'general-service',
  timestamp: '2026-04-17T01:03:36.278Z'
}
{
  message: '::1 - - [17/Apr/2026:01:04:25 +0000] "POST /api/auth/login HTTP/1.1" 200 767 "-" "PostmanRuntime/7.51.1"',
  level: 'info',
  service: 'general-service',
  timestamp: '2026-04-17T01:04:25.389Z'
}
{
  message: '::1 - - [17/Apr/2026:01:05:28 +0000] "POST /api/message/send-message HTTP/1.1" 201 212 "-" "PostmanRuntime/7.51.1"',
  level: 'info',
  service: 'general-service',
  timestamp: '2026-04-17T01:05:28.860Z'
}
{
  message: '::1 - - [17/Apr/2026:01:05:33 +0000] "POST /api/message/send-message HTTP/1.1" 201 183 "-" "PostmanRuntime/7.51.1"',
  level: 'info',
  service: 'general-service',
  timestamp: '2026-04-17T01:05:33.600Z'
}
{
  message: '::1 - - [17/Apr/2026:01:06:08 +0000] "GET /api/message/get-conversation/69d56b98c1b5afda08a68fd1 HTTP/1.1" 200 2 "-" "PostmanRuntime/7.51.1"',
  level: 'info',
  service: 'general-service',
  timestamp: '2026-04-17T01:06:08.382Z'
}
{
  level: 'error',
  service: 'general-service',
  message: 'MessageRepository.readMessage is not a function',
  stack: 'TypeError: MessageRepository.readMessage is not a function\n' +
    '    at MessageService.markAsRead (/Users/bahri/Documents/www/Projects/EKA/backend_new/src/modules/message/core/message.service.js:70:29)\n' +
    '    at /Users/bahri/Documents/www/Projects/EKA/backend_new/src/modules/message/api/message.controller.js:40:24\n' +
    '    at /Users/bahri/Documents/www/Projects/EKA/backend_new/src/shared/utils/asyncHandler.js:2:19\n' +
    '    at Layer.handleRequest (/Users/bahri/Documents/www/Projects/EKA/backend_new/node_modules/router/lib/layer.js:152:17)\n' +
    '    at next (/Users/bahri/Documents/www/Projects/EKA/backend_new/node_modules/router/lib/route.js:157:13)\n' +
    '    at /Users/bahri/Documents/www/Projects/EKA/backend_new/src/shared/middlewares/validate.middleware.js:28:10\n' +
    '    at Layer.handleRequest (/Users/bahri/Documents/www/Projects/EKA/backend_new/node_modules/router/lib/layer.js:152:17)\n' +
    '    at next (/Users/bahri/Documents/www/Projects/EKA/backend_new/node_modules/router/lib/route.js:157:13)\n' +
    '    at Route.dispatch (/Users/bahri/Documents/www/Projects/EKA/backend_new/node_modules/router/lib/route.js:117:3)\n' +
    '    at handle (/Users/bahri/Documents/www/Projects/EKA/backend_new/node_modules/router/index.js:435:11)',
  timestamp: '2026-04-17T01:06:56.212Z'
}
{
  message: '::1 - - [17/Apr/2026:01:06:56 +0000] "PATCH /api/message/mark-as-read/69d56b98c1b5afda08a68fd1 HTTP/1.1" 500 62 "-" "PostmanRuntime/7.51.1"',
  level: 'info',
  service: 'general-service',
  timestamp: '2026-04-17T01:06:56.217Z'
}
{
  message: 'Redis Client Connected',
  level: 'info',
  service: 'general-service',
  timestamp: '2026-04-17T01:07:50.319Z'
}
{
  message: 'MongoDB connected',
  level: 'info',
  service: 'general-service',
  timestamp: '2026-04-17T01:07:53.126Z'
}
{
  message: 'Server running on port 8000',
  level: 'info',
  service: 'general-service',
  timestamp: '2026-04-17T01:07:53.134Z'
}
{
  message: 'Redis Client Connected',
  level: 'info',
  service: 'general-service',
  timestamp: '2026-04-17T01:07:56.889Z'
}
{
  message: 'Redis Client Connected',
  level: 'info',
  service: 'general-service',
  timestamp: '2026-04-17T01:07:59.207Z'
}
{
  message: 'MongoDB connected',
  level: 'info',
  service: 'general-service',
  timestamp: '2026-04-17T01:08:01.768Z'
}
{
  message: 'Server running on port 8000',
  level: 'info',
  service: 'general-service',
  timestamp: '2026-04-17T01:08:01.772Z'
}
{
  message: '::1 - - [17/Apr/2026:01:08:03 +0000] "PATCH /api/message/mark-as-read/69d56b98c1b5afda08a68fd1 HTTP/1.1" 200 16 "-" "PostmanRuntime/7.51.1"',
  level: 'info',
  service: 'general-service',
  timestamp: '2026-04-17T01:08:03.606Z'
}
{
  message: '::1 - - [17/Apr/2026:01:08:34 +0000] "GET /api/message/get-conversations HTTP/1.1" 200 35 "-" "PostmanRuntime/7.51.1"',
  level: 'info',
  service: 'general-service',
  timestamp: '2026-04-17T01:08:34.268Z'
}
{
  message: '::1 - - [17/Apr/2026:01:08:39 +0000] "GET /api/message/get-conversation/69d56b98c1b5afda08a68fd1 HTTP/1.1" 200 2 "-" "PostmanRuntime/7.51.1"',
  level: 'info',
  service: 'general-service',
  timestamp: '2026-04-17T01:08:39.817Z'
}
{
  message: 'Redis Client Connected',
  level: 'info',
  service: 'general-service',
  timestamp: '2026-04-17T01:09:01.307Z'
}
{
  message: 'MongoDB connected',
  level: 'info',
  service: 'general-service',
  timestamp: '2026-04-17T01:09:03.920Z'
}
{
  message: 'Server running on port 8000',
  level: 'info',
  service: 'general-service',
  timestamp: '2026-04-17T01:09:03.924Z'
}
{
  message: 'Redis Client Connected',
  level: 'info',
  service: 'general-service',
  timestamp: '2026-04-17T01:09:05.124Z'
}
{
  message: 'MongoDB connected',
  level: 'info',
  service: 'general-service',
  timestamp: '2026-04-17T01:09:07.736Z'
}
{
  message: 'Server running on port 8000',
  level: 'info',
  service: 'general-service',
  timestamp: '2026-04-17T01:09:07.742Z'
}
{
  message: '::1 - - [17/Apr/2026:01:09:09 +0000] "GET /api/message/get-conversation/69d56b98c1b5afda08a68fd1 HTTP/1.1" 200 2 "-" "PostmanRuntime/7.51.1"',
  level: 'info',
  service: 'general-service',
  timestamp: '2026-04-17T01:09:09.808Z'
}
{
  message: 'Redis Client Connected',
  level: 'info',
  service: 'general-service',
  timestamp: '2026-04-17T01:10:01.612Z'
}
{
  message: 'MongoDB connected',
  level: 'info',
  service: 'general-service',
  timestamp: '2026-04-17T01:10:04.238Z'
}
{
  message: 'Server running on port 8000',
  level: 'info',
  service: 'general-service',
  timestamp: '2026-04-17T01:10:04.245Z'
}
{
  message: '::1 - - [17/Apr/2026:01:10:05 +0000] "GET /api/message/get-conversation/69d56b98c1b5afda08a68fd1 HTTP/1.1" 200 3642 "-" "PostmanRuntime/7.51.1"',
  level: 'info',
  service: 'general-service',
  timestamp: '2026-04-17T01:10:05.891Z'
}
{
  message: 'Redis Client Connected',
  level: 'info',
  service: 'general-service',
  timestamp: '2026-04-17T01:12:41.238Z'
}
{
  message: 'MongoDB connected',
  level: 'info',
  service: 'general-service',
  timestamp: '2026-04-17T01:12:44.104Z'
}
{
  message: 'Server running on port 8000',
  level: 'info',
  service: 'general-service',
  timestamp: '2026-04-17T01:12:44.114Z'
}
{
  message: 'Redis Client Connected',
  level: 'info',
  service: 'general-service',
  timestamp: '2026-04-17T01:13:06.551Z'
}
{
  message: 'MongoDB connected',
  level: 'info',
  service: 'general-service',
  timestamp: '2026-04-17T01:13:09.169Z'
}
{
  message: 'Server running on port 8000',
  level: 'info',
  service: 'general-service',
  timestamp: '2026-04-17T01:13:09.180Z'
}
{
  message: '::1 - - [17/Apr/2026:01:13:16 +0000] "GET /api/message/get-conversation/69d56b98c1b5afda08a68fd1 HTTP/1.1" 200 3061 "-" "PostmanRuntime/7.51.1"',
  level: 'info',
  service: 'general-service',
  timestamp: '2026-04-17T01:13:16.847Z'
}
{
  message: 'Redis Client Connected',
  level: 'info',
  service: 'general-service',
  timestamp: '2026-04-17T01:14:55.556Z'
}
{
  message: 'Redis Client Connected',
  level: 'info',
  service: 'general-service',
  timestamp: '2026-04-17T01:14:58.326Z'
}
{
  message: 'MongoDB connected',
  level: 'info',
  service: 'general-service',
  timestamp: '2026-04-17T01:15:00.927Z'
}
{
  message: 'Server running on port 8000',
  level: 'info',
  service: 'general-service',
  timestamp: '2026-04-17T01:15:00.931Z'
}
{
  message: 'Redis Client Connected',
  level: 'info',
  service: 'general-service',
  timestamp: '2026-04-17T01:15:45.833Z'
}
{
  message: 'MongoDB connected',
  level: 'info',
  service: 'general-service',
  timestamp: '2026-04-17T01:15:48.405Z'
}
{
  message: 'Server running on port 8000',
  level: 'info',
  service: 'general-service',
  timestamp: '2026-04-17T01:15:48.409Z'
}
{
  message: 'Redis Client Connected',
  level: 'info',
  service: 'general-service',
  timestamp: '2026-04-17T01:16:03.584Z'
}
{
  message: 'MongoDB connected',
  level: 'info',
  service: 'general-service',
  timestamp: '2026-04-17T01:16:06.194Z'
}
{
  message: 'Server running on port 8000',
  level: 'info',
  service: 'general-service',
  timestamp: '2026-04-17T01:16:06.202Z'
}
{
  message: '::1 - - [17/Apr/2026:01:16:07 +0000] "GET /api/message/get-conversation/69d56b98c1b5afda08a68fd1 HTTP/1.1" 200 993 "-" "PostmanRuntime/7.51.1"',
  level: 'info',
  service: 'general-service',
  timestamp: '2026-04-17T01:16:07.014Z'
}
{
  message: 'Redis Client Connected',
  level: 'info',
  service: 'general-service',
  timestamp: '2026-04-17T01:17:21.098Z'
}
{
  message: 'MongoDB connected',
  level: 'info',
  service: 'general-service',
  timestamp: '2026-04-17T01:17:23.788Z'
}
{
  message: 'Server running on port 8000',
  level: 'info',
  service: 'general-service',
  timestamp: '2026-04-17T01:17:23.794Z'
}
{
  message: '::1 - - [17/Apr/2026:01:17:29 +0000] "GET /api/message/get-conversation/69d56b98c1b5afda08a68fd1 HTTP/1.1" 200 1268 "-" "PostmanRuntime/7.51.1"',
  level: 'info',
  service: 'general-service',
  timestamp: '2026-04-17T01:17:29.004Z'
}
{
  message: 'Redis Client Connected',
  level: 'info',
  service: 'general-service',
  timestamp: '2026-04-17T01:19:38.869Z'
}
{
  message: 'MongoDB connected',
  level: 'info',
  service: 'general-service',
  timestamp: '2026-04-17T01:19:43.245Z'
}
{
  message: 'Server running on port 8000',
  level: 'info',
  service: 'general-service',
  timestamp: '2026-04-17T01:19:43.251Z'
}
{
  message: 'Redis Client Connected',
  level: 'info',
  service: 'general-service',
  timestamp: '2026-04-17T01:19:51.633Z'
}
{
  message: 'MongoDB connected',
  level: 'info',
  service: 'general-service',
  timestamp: '2026-04-17T01:19:54.281Z'
}
{
  message: 'Server running on port 8000',
  level: 'info',
  service: 'general-service',
  timestamp: '2026-04-17T01:19:54.296Z'
}
{
  message: 'Redis Client Connected',
  level: 'info',
  service: 'general-service',
  timestamp: '2026-04-17T01:20:09.387Z'
}
{
  message: 'MongoDB connected',
  level: 'info',
  service: 'general-service',
  timestamp: '2026-04-17T01:20:11.948Z'
}
{
  message: 'Server running on port 8000',
  level: 'info',
  service: 'general-service',
  timestamp: '2026-04-17T01:20:11.956Z'
}
{
  message: '::1 - - [17/Apr/2026:01:21:24 +0000] "GET /api/message/get-conversation/69d56b98c1b5afda08a68fd1 HTTP/1.1" 401 65 "-" "PostmanRuntime/7.51.1"',
  level: 'info',
  service: 'general-service',
  timestamp: '2026-04-17T01:21:24.263Z'
}
{
  message: '::1 - - [17/Apr/2026:01:21:27 +0000] "POST /api/auth/login HTTP/1.1" 200 788 "-" "PostmanRuntime/7.51.1"',
  level: 'info',
  service: 'general-service',
  timestamp: '2026-04-17T01:21:27.874Z'
}
{
  message: '::1 - - [17/Apr/2026:01:21:33 +0000] "GET /api/message/get-conversation/69d56b98c1b5afda08a68fd1 HTTP/1.1" 200 1769 "-" "PostmanRuntime/7.51.1"',
  level: 'info',
  service: 'general-service',
  timestamp: '2026-04-17T01:21:33.771Z'
}
{
  message: 'Redis Client Connected',
  level: 'info',
  service: 'general-service',
  timestamp: '2026-04-17T01:21:47.466Z'
}
{
  message: 'MongoDB connected',
  level: 'info',
  service: 'general-service',
  timestamp: '2026-04-17T01:21:51.936Z'
}
{
  message: 'Server running on port 8000',
  level: 'info',
  service: 'general-service',
  timestamp: '2026-04-17T01:21:51.949Z'
}
{
  message: '::1 - - [17/Apr/2026:01:21:53 +0000] "GET /api/message/get-conversation/69d56b98c1b5afda08a68fd1 HTTP/1.1" 200 1769 "-" "PostmanRuntime/7.51.1"',
  level: 'info',
  service: 'general-service',
  timestamp: '2026-04-17T01:21:53.445Z'
}
{
  message: 'Redis Client Connected',
  level: 'info',
  service: 'general-service',
  timestamp: '2026-04-17T01:22:19.317Z'
}
{
  message: 'MongoDB connected',
  level: 'info',
  service: 'general-service',
  timestamp: '2026-04-17T01:22:21.949Z'
}
{
  message: 'Server running on port 8000',
  level: 'info',
  service: 'general-service',
  timestamp: '2026-04-17T01:22:21.957Z'
}
{
  message: '::1 - - [17/Apr/2026:01:22:23 +0000] "GET /api/message/get-conversation/69d56b98c1b5afda08a68fd1 HTTP/1.1" 200 1769 "-" "PostmanRuntime/7.51.1"',
  level: 'info',
  service: 'general-service',
  timestamp: '2026-04-17T01:22:23.440Z'
}
{
  message: 'Redis Client Connected',
  level: 'info',
  service: 'general-service',
  timestamp: '2026-04-17T01:22:51.377Z'
}
{
  message: 'MongoDB connected',
  level: 'info',
  service: 'general-service',
  timestamp: '2026-04-17T01:22:54.001Z'
}
{
  message: 'Server running on port 8000',
  level: 'info',
  service: 'general-service',
  timestamp: '2026-04-17T01:22:54.006Z'
}
{
  message: '::1 - - [17/Apr/2026:01:22:56 +0000] "GET /api/message/get-conversation/69d56b98c1b5afda08a68fd1 HTTP/1.1" 200 1769 "-" "PostmanRuntime/7.51.1"',
  level: 'info',
  service: 'general-service',
  timestamp: '2026-04-17T01:22:56.073Z'
}
{
  message: 'Redis Client Connected',
  level: 'info',
  service: 'general-service',
  timestamp: '2026-04-17T01:23:16.516Z'
}
{
  message: 'MongoDB connected',
  level: 'info',
  service: 'general-service',
  timestamp: '2026-04-17T01:23:19.385Z'
}
{
  message: 'Server running on port 8000',
  level: 'info',
  service: 'general-service',
  timestamp: '2026-04-17T01:23:19.394Z'
}
{
  message: 'Redis Client Connected',
  level: 'info',
  service: 'general-service',
  timestamp: '2026-04-17T01:25:24.428Z'
}
{
  message: 'MongoDB connected',
  level: 'info',
  service: 'general-service',
  timestamp: '2026-04-17T01:25:27.245Z'
}
{
  message: 'Server running on port 8000',
  level: 'info',
  service: 'general-service',
  timestamp: '2026-04-17T01:25:27.250Z'
}
{
  message: 'Redis Client Connected',
  level: 'info',
  service: 'general-service',
  timestamp: '2026-04-17T01:25:42.533Z'
}
{
  message: 'MongoDB connected',
  level: 'info',
  service: 'general-service',
  timestamp: '2026-04-17T01:25:45.097Z'
}
{
  message: 'Server running on port 8000',
  level: 'info',
  service: 'general-service',
  timestamp: '2026-04-17T01:25:45.102Z'
}
{
  message: 'Redis Client Connected',
  level: 'info',
  service: 'general-service',
  timestamp: '2026-04-17T01:25:50.010Z'
}
{
  message: 'MongoDB connected',
  level: 'info',
  service: 'general-service',
  timestamp: '2026-04-17T01:25:52.610Z'
}
{
  message: 'Server running on port 8000',
  level: 'info',
  service: 'general-service',
  timestamp: '2026-04-17T01:25:52.617Z'
}
{
  message: 'Redis Client Connected',
  level: 'info',
  service: 'general-service',
  timestamp: '2026-04-17T01:26:35.632Z'
}
{
  message: 'MongoDB connected',
  level: 'info',
  service: 'general-service',
  timestamp: '2026-04-17T01:26:38.230Z'
}
{
  message: 'Server running on port 8000',
  level: 'info',
  service: 'general-service',
  timestamp: '2026-04-17T01:26:38.234Z'
}
{
  message: 'Redis Client Connected',
  level: 'info',
  service: 'general-service',
  timestamp: '2026-04-17T01:27:54.718Z'
}
{
  message: 'MongoDB connected',
  level: 'info',
  service: 'general-service',
  timestamp: '2026-04-17T01:27:57.321Z'
}
{
  message: 'Server running on port 8000',
  level: 'info',
  service: 'general-service',
  timestamp: '2026-04-17T01:27:57.326Z'
}
{
  message: 'Redis Client Connected',
  level: 'info',
  service: 'general-service',
  timestamp: '2026-04-17T01:28:09.210Z'
}
{
  message: 'MongoDB connected',
  level: 'info',
  service: 'general-service',
  timestamp: '2026-04-17T01:28:11.813Z'
}
{
  message: 'Server running on port 8000',
  level: 'info',
  service: 'general-service',
  timestamp: '2026-04-17T01:28:11.820Z'
}
{
  level: 'error',
  service: 'general-service',
  message: 'fileService is not defined',
  stack: 'ReferenceError: fileService is not defined\n' +
    '    at MessageService._mapMessageProfileImages (/Users/bahri/Documents/www/Projects/EKA/backend_new/src/modules/message/core/message.service.js:20:36)\n' +
    '    at MessageService.getConversation (/Users/bahri/Documents/www/Projects/EKA/backend_new/src/modules/message/core/message.service.js:38:28)\n' +
    '    at process.processTicksAndRejections (node:internal/process/task_queues:105:5)\n' +
    '    at async /Users/bahri/Documents/www/Projects/EKA/backend_new/src/modules/message/api/message.controller.js:15:24',
  timestamp: '2026-04-17T01:28:13.420Z'
}
{
  message: '::1 - - [17/Apr/2026:01:28:13 +0000] "GET /api/message/get-conversation/69d56b98c1b5afda08a68fd1 HTTP/1.1" 500 62 "-" "PostmanRuntime/7.51.1"',
  level: 'info',
  service: 'general-service',
  timestamp: '2026-04-17T01:28:13.423Z'
}
{
  message: 'Redis Client Connected',
  level: 'info',
  service: 'general-service',
  timestamp: '2026-04-17T01:28:36.863Z'
}
{
  message: 'MongoDB connected',
  level: 'info',
  service: 'general-service',
  timestamp: '2026-04-17T01:28:39.474Z'
}
{
  message: 'Server running on port 8000',
  level: 'info',
  service: 'general-service',
  timestamp: '2026-04-17T01:28:39.484Z'
}
{
  level: 'error',
  service: 'general-service',
  message: 'items.map is not a function',
  stack: 'TypeError: items.map is not a function\n' +
    '    at MessageDTO.toList (/Users/bahri/Documents/www/Projects/EKA/backend_new/src/modules/message/api/message.dto.js:76:18)\n' +
    '    at /Users/bahri/Documents/www/Projects/EKA/backend_new/src/modules/message/api/message.controller.js:19:35\n' +
    '    at process.processTicksAndRejections (node:internal/process/task_queues:105:5)',
  timestamp: '2026-04-17T01:28:40.391Z'
}
{
  message: '::1 - - [17/Apr/2026:01:28:40 +0000] "GET /api/message/get-conversation/69d56b98c1b5afda08a68fd1 HTTP/1.1" 500 62 "-" "PostmanRuntime/7.51.1"',
  level: 'info',
  service: 'general-service',
  timestamp: '2026-04-17T01:28:40.395Z'
}
{
  message: 'Redis Client Connected',
  level: 'info',
  service: 'general-service',
  timestamp: '2026-04-17T01:29:15.645Z'
}
{
  message: 'MongoDB connected',
  level: 'info',
  service: 'general-service',
  timestamp: '2026-04-17T01:29:18.293Z'
}
{
  message: 'Server running on port 8000',
  level: 'info',
  service: 'general-service',
  timestamp: '2026-04-17T01:29:18.301Z'
}
{
  message: '::1 - - [17/Apr/2026:01:29:20 +0000] "GET /api/message/get-conversation/69d56b98c1b5afda08a68fd1 HTTP/1.1" 200 4954 "-" "PostmanRuntime/7.51.1"',
  level: 'info',
  service: 'general-service',
  timestamp: '2026-04-17T01:29:20.469Z'
}
{
  message: 'Redis Client Connected',
  level: 'info',
  service: 'general-service',
  timestamp: '2026-04-17T01:30:26.672Z'
}
{
  message: 'MongoDB connected',
  level: 'info',
  service: 'general-service',
  timestamp: '2026-04-17T01:30:29.311Z'
}
{
  message: 'Server running on port 8000',
  level: 'info',
  service: 'general-service',
  timestamp: '2026-04-17T01:30:29.317Z'
}
{
  message: '::1 - - [17/Apr/2026:01:30:31 +0000] "GET /api/message/get-conversation/69d56b98c1b5afda08a68fd1 HTTP/1.1" 200 4855 "-" "PostmanRuntime/7.51.1"',
  level: 'info',
  service: 'general-service',
  timestamp: '2026-04-17T01:30:31.886Z'
}
{
  message: 'Redis Client Connected',
  level: 'info',
  service: 'general-service',
  timestamp: '2026-04-17T01:30:45.068Z'
}
{
  message: 'MongoDB connected',
  level: 'info',
  service: 'general-service',
  timestamp: '2026-04-17T01:30:47.986Z'
}
{
  message: 'Server running on port 8000',
  level: 'info',
  service: 'general-service',
  timestamp: '2026-04-17T01:30:47.993Z'
}
{
  message: 'Redis Client Connected',
  level: 'info',
  service: 'general-service',
  timestamp: '2026-04-17T01:31:15.994Z'
}
{
  message: 'MongoDB connected',
  level: 'info',
  service: 'general-service',
  timestamp: '2026-04-17T01:31:18.601Z'
}
{
  message: 'Server running on port 8000',
  level: 'info',
  service: 'general-service',
  timestamp: '2026-04-17T01:31:18.607Z'
}
{
  message: 'Redis Client Connected',
  level: 'info',
  service: 'general-service',
  timestamp: '2026-04-17T01:31:28.666Z'
}
{
  message: 'MongoDB connected',
  level: 'info',
  service: 'general-service',
  timestamp: '2026-04-17T01:31:31.238Z'
}
{
  message: 'Server running on port 8000',
  level: 'info',
  service: 'general-service',
  timestamp: '2026-04-17T01:31:31.244Z'
}
{
  message: 'Redis Client Connected',
  level: 'info',
  service: 'general-service',
  timestamp: '2026-04-17T01:31:46.024Z'
}
{
  message: 'MongoDB connected',
  level: 'info',
  service: 'general-service',
  timestamp: '2026-04-17T01:31:48.638Z'
}
{
  message: 'Server running on port 8000',
  level: 'info',
  service: 'general-service',
  timestamp: '2026-04-17T01:31:48.645Z'
}
{
  message: 'Redis Client Connected',
  level: 'info',
  service: 'general-service',
  timestamp: '2026-04-17T01:33:22.920Z'
}
{
  message: 'MongoDB connected',
  level: 'info',
  service: 'general-service',
  timestamp: '2026-04-17T01:33:25.695Z'
}
{
  message: 'Server running on port 8000',
  level: 'info',
  service: 'general-service',
  timestamp: '2026-04-17T01:33:25.701Z'
}
{
  message: 'Redis Client Connected',
  level: 'info',
  service: 'general-service',
  timestamp: '2026-04-17T01:34:26.583Z'
}
{
  message: 'MongoDB connected',
  level: 'info',
  service: 'general-service',
  timestamp: '2026-04-17T01:34:29.356Z'
}
{
  message: 'Server running on port 8000',
  level: 'info',
  service: 'general-service',
  timestamp: '2026-04-17T01:34:29.362Z'
}
{
  message: 'Redis Client Connected',
  level: 'info',
  service: 'general-service',
  timestamp: '2026-04-17T01:34:54.100Z'
}
{
  message: 'MongoDB connected',
  level: 'info',
  service: 'general-service',
  timestamp: '2026-04-17T01:34:56.701Z'
}
{
  message: 'Server running on port 8000',
  level: 'info',
  service: 'general-service',
  timestamp: '2026-04-17T01:34:56.711Z'
}
{
  message: '::1 - - [17/Apr/2026:01:35:01 +0000] "POST /api/auth/login HTTP/1.1" 200 788 "-" "PostmanRuntime/7.51.1"',
  level: 'info',
  service: 'general-service',
  timestamp: '2026-04-17T01:35:01.773Z'
}
{
  message: '::1 - - [17/Apr/2026:01:35:07 +0000] "GET /api/message/get-conversations HTTP/1.1" 200 2 "-" "PostmanRuntime/7.51.1"',
  level: 'info',
  service: 'general-service',
  timestamp: '2026-04-17T01:35:07.106Z'
}
{
  message: 'Redis Client Connected',
  level: 'info',
  service: 'general-service',
  timestamp: '2026-04-17T01:35:16.917Z'
}
{
  message: 'MongoDB connected',
  level: 'info',
  service: 'general-service',
  timestamp: '2026-04-17T01:35:19.674Z'
}
{
  message: 'Server running on port 8000',
  level: 'info',
  service: 'general-service',
  timestamp: '2026-04-17T01:35:19.682Z'
}
{
  message: '::1 - - [17/Apr/2026:01:35:20 +0000] "GET /api/message/get-conversations HTTP/1.1" 200 2 "-" "PostmanRuntime/7.51.1"',
  level: 'info',
  service: 'general-service',
  timestamp: '2026-04-17T01:35:20.368Z'
}
{
  message: '::1 - - [17/Apr/2026:01:35:53 +0000] "GET /api/message/get-conversations HTTP/1.1" 200 2 "-" "PostmanRuntime/7.51.1"',
  level: 'info',
  service: 'general-service',
  timestamp: '2026-04-17T01:35:53.805Z'
}
{
  message: 'Redis Client Connected',
  level: 'info',
  service: 'general-service',
  timestamp: '2026-04-17T01:36:59.436Z'
}
{
  message: 'MongoDB connected',
  level: 'info',
  service: 'general-service',
  timestamp: '2026-04-17T01:37:02.378Z'
}
{
  message: 'Server running on port 8000',
  level: 'info',
  service: 'general-service',
  timestamp: '2026-04-17T01:37:02.385Z'
}
{
  level: 'error',
  service: 'general-service',
  message: 'mongoose is not defined',
  stack: 'ReferenceError: mongoose is not defined\n' +
    '    at Object.getConversations (/Users/bahri/Documents/www/Projects/EKA/backend_new/src/modules/message/infra/message.repository.js:4:14)\n' +
    '    at MessageService.getConversations (/Users/bahri/Documents/www/Projects/EKA/backend_new/src/modules/message/core/message.service.js:31:51)\n' +
    '    at /Users/bahri/Documents/www/Projects/EKA/backend_new/src/modules/message/api/message.controller.js:8:46\n' +
    '    at /Users/bahri/Documents/www/Projects/EKA/backend_new/src/shared/utils/asyncHandler.js:2:19\n' +
    '    at Layer.handleRequest (/Users/bahri/Documents/www/Projects/EKA/backend_new/node_modules/router/lib/layer.js:152:17)\n' +
    '    at next (/Users/bahri/Documents/www/Projects/EKA/backend_new/node_modules/router/lib/route.js:157:13)\n' +
    '    at Route.dispatch (/Users/bahri/Documents/www/Projects/EKA/backend_new/node_modules/router/lib/route.js:117:3)\n' +
    '    at handle (/Users/bahri/Documents/www/Projects/EKA/backend_new/node_modules/router/index.js:435:11)\n' +
    '    at Layer.handleRequest (/Users/bahri/Documents/www/Projects/EKA/backend_new/node_modules/router/lib/layer.js:152:17)\n' +
    '    at /Users/bahri/Documents/www/Projects/EKA/backend_new/node_modules/router/index.js:295:15',
  timestamp: '2026-04-17T01:37:02.594Z'
}
{
  message: '::1 - - [17/Apr/2026:01:37:02 +0000] "GET /api/message/get-conversations HTTP/1.1" 500 62 "-" "PostmanRuntime/7.51.1"',
  level: 'info',
  service: 'general-service',
  timestamp: '2026-04-17T01:37:02.597Z'
}
{
  level: 'error',
  service: 'general-service',
  message: 'mongoose is not defined',
  stack: 'ReferenceError: mongoose is not defined\n' +
    '    at Object.getConversations (/Users/bahri/Documents/www/Projects/EKA/backend_new/src/modules/message/infra/message.repository.js:4:14)\n' +
    '    at MessageService.getConversations (/Users/bahri/Documents/www/Projects/EKA/backend_new/src/modules/message/core/message.service.js:31:51)\n' +
    '    at /Users/bahri/Documents/www/Projects/EKA/backend_new/src/modules/message/api/message.controller.js:8:46\n' +
    '    at /Users/bahri/Documents/www/Projects/EKA/backend_new/src/shared/utils/asyncHandler.js:2:19\n' +
    '    at Layer.handleRequest (/Users/bahri/Documents/www/Projects/EKA/backend_new/node_modules/router/lib/layer.js:152:17)\n' +
    '    at next (/Users/bahri/Documents/www/Projects/EKA/backend_new/node_modules/router/lib/route.js:157:13)\n' +
    '    at Route.dispatch (/Users/bahri/Documents/www/Projects/EKA/backend_new/node_modules/router/lib/route.js:117:3)\n' +
    '    at handle (/Users/bahri/Documents/www/Projects/EKA/backend_new/node_modules/router/index.js:435:11)\n' +
    '    at Layer.handleRequest (/Users/bahri/Documents/www/Projects/EKA/backend_new/node_modules/router/lib/layer.js:152:17)\n' +
    '    at /Users/bahri/Documents/www/Projects/EKA/backend_new/node_modules/router/index.js:295:15',
  timestamp: '2026-04-17T01:37:07.709Z'
}
{
  message: '::1 - - [17/Apr/2026:01:37:07 +0000] "GET /api/message/get-conversations HTTP/1.1" 500 62 "-" "PostmanRuntime/7.51.1"',
  level: 'info',
  service: 'general-service',
  timestamp: '2026-04-17T01:37:07.711Z'
}
{
  message: 'Redis Client Connected',
  level: 'info',
  service: 'general-service',
  timestamp: '2026-04-17T01:37:42.065Z'
}
{
  message: 'MongoDB connected',
  level: 'info',
  service: 'general-service',
  timestamp: '2026-04-17T01:37:44.674Z'
}
{
  message: 'Server running on port 8000',
  level: 'info',
  service: 'general-service',
  timestamp: '2026-04-17T01:37:44.682Z'
}
{
  message: '::1 - - [17/Apr/2026:01:37:46 +0000] "GET /api/message/get-conversations HTTP/1.1" 200 4 "-" "PostmanRuntime/7.51.1"',
  level: 'info',
  service: 'general-service',
  timestamp: '2026-04-17T01:37:46.021Z'
}
{
  message: 'Redis Client Connected',
  level: 'info',
  service: 'general-service',
  timestamp: '2026-04-17T01:39:04.793Z'
}
{
  message: 'MongoDB connected',
  level: 'info',
  service: 'general-service',
  timestamp: '2026-04-17T01:39:07.590Z'
}
{
  message: 'Server running on port 8000',
  level: 'info',
  service: 'general-service',
  timestamp: '2026-04-17T01:39:07.597Z'
}
{
  level: 'error',
  service: 'general-service',
  message: 'messageDTO.toMessageList is not a function',
  stack: 'TypeError: messageDTO.toMessageList is not a function\n' +
    '    at /Users/bahri/Documents/www/Projects/EKA/backend_new/src/modules/message/api/message.controller.js:9:35\n' +
    '    at process.processTicksAndRejections (node:internal/process/task_queues:105:5)',
  timestamp: '2026-04-17T01:39:10.755Z'
}
{
  message: '::1 - - [17/Apr/2026:01:39:10 +0000] "GET /api/message/get-conversations HTTP/1.1" 500 62 "-" "PostmanRuntime/7.51.1"',
  level: 'info',
  service: 'general-service',
  timestamp: '2026-04-17T01:39:10.758Z'
}
{
  message: 'Redis Client Connected',
  level: 'info',
  service: 'general-service',
  timestamp: '2026-04-17T01:39:21.777Z'
}
{
  message: 'MongoDB connected',
  level: 'info',
  service: 'general-service',
  timestamp: '2026-04-17T01:39:24.381Z'
}
{
  message: 'Server running on port 8000',
  level: 'info',
  service: 'general-service',
  timestamp: '2026-04-17T01:39:24.387Z'
}
{
  message: 'Redis Client Connected',
  level: 'info',
  service: 'general-service',
  timestamp: '2026-04-17T01:39:31.247Z'
}
{
  message: 'MongoDB connected',
  level: 'info',
  service: 'general-service',
  timestamp: '2026-04-17T01:39:33.835Z'
}
{
  message: 'Server running on port 8000',
  level: 'info',
  service: 'general-service',
  timestamp: '2026-04-17T01:39:33.838Z'
}
{
  message: '::1 - - [17/Apr/2026:01:39:35 +0000] "GET /api/message/get-conversations HTTP/1.1" 200 314 "-" "PostmanRuntime/7.51.1"',
  level: 'info',
  service: 'general-service',
  timestamp: '2026-04-17T01:39:35.170Z'
}
{
  message: 'Redis Client Connected',
  level: 'info',
  service: 'general-service',
  timestamp: '2026-04-17T01:40:31.615Z'
}
{
  message: 'MongoDB connected',
  level: 'info',
  service: 'general-service',
  timestamp: '2026-04-17T01:40:34.404Z'
}
{
  message: 'Server running on port 8000',
  level: 'info',
  service: 'general-service',
  timestamp: '2026-04-17T01:40:34.409Z'
}
{
  message: 'Redis Client Connected',
  level: 'info',
  service: 'general-service',
  timestamp: '2026-04-17T01:41:08.698Z'
}
{
  message: 'Redis Client Connected',
  level: 'info',
  service: 'general-service',
  timestamp: '2026-04-17T01:41:09.882Z'
}
{
  message: 'MongoDB connected',
  level: 'info',
  service: 'general-service',
  timestamp: '2026-04-17T01:41:12.490Z'
}
{
  message: 'Server running on port 8000',
  level: 'info',
  service: 'general-service',
  timestamp: '2026-04-17T01:41:12.498Z'
}
{
  message: '::1 - - [17/Apr/2026:01:41:14 +0000] "GET /api/message/get-conversations HTTP/1.1" 200 314 "-" "PostmanRuntime/7.51.1"',
  level: 'info',
  service: 'general-service',
  timestamp: '2026-04-17T01:41:14.247Z'
}
{
  message: '::1 - - [17/Apr/2026:01:41:24 +0000] "GET /api/message/get-conversations HTTP/1.1" 200 314 "-" "PostmanRuntime/7.51.1"',
  level: 'info',
  service: 'general-service',
  timestamp: '2026-04-17T01:41:24.598Z'
}
{
  message: 'Redis Client Connected',
  level: 'info',
  service: 'general-service',
  timestamp: '2026-04-17T01:41:46.583Z'
}
{
  message: 'MongoDB connected',
  level: 'info',
  service: 'general-service',
  timestamp: '2026-04-17T01:41:49.160Z'
}
{
  message: 'Server running on port 8000',
  level: 'info',
  service: 'general-service',
  timestamp: '2026-04-17T01:41:49.169Z'
}
{
  message: '::1 - - [17/Apr/2026:01:41:50 +0000] "GET /api/message/get-conversations HTTP/1.1" 200 314 "-" "PostmanRuntime/7.51.1"',
  level: 'info',
  service: 'general-service',
  timestamp: '2026-04-17T01:41:50.552Z'
}
{
  message: 'Redis Client Connected',
  level: 'info',
  service: 'general-service',
  timestamp: '2026-04-17T01:42:44.127Z'
}
{
  message: 'MongoDB connected',
  level: 'info',
  service: 'general-service',
  timestamp: '2026-04-17T01:42:46.778Z'
}
{
  message: 'Server running on port 8000',
  level: 'info',
  service: 'general-service',
  timestamp: '2026-04-17T01:42:46.786Z'
}
{
  message: 'Redis Client Connected',
  level: 'info',
  service: 'general-service',
  timestamp: '2026-04-17T01:42:53.345Z'
}
{
  message: 'MongoDB connected',
  level: 'info',
  service: 'general-service',
  timestamp: '2026-04-17T01:42:55.979Z'
}
{
  message: 'Server running on port 8000',
  level: 'info',
  service: 'general-service',
  timestamp: '2026-04-17T01:42:55.988Z'
}
{
  message: '::1 - - [17/Apr/2026:01:42:57 +0000] "GET /api/message/get-conversations HTTP/1.1" 200 314 "-" "PostmanRuntime/7.51.1"',
  level: 'info',
  service: 'general-service',
  timestamp: '2026-04-17T01:42:57.051Z'
}
{
  message: 'Redis Client Connected',
  level: 'info',
  service: 'general-service',
  timestamp: '2026-04-17T01:43:47.238Z'
}
{
  message: 'MongoDB connected',
  level: 'info',
  service: 'general-service',
  timestamp: '2026-04-17T01:43:49.991Z'
}
{
  message: 'Server running on port 8000',
  level: 'info',
  service: 'general-service',
  timestamp: '2026-04-17T01:43:49.998Z'
}
{
  message: '::1 - - [17/Apr/2026:01:43:50 +0000] "GET /api/message/get-conversations HTTP/1.1" 200 314 "-" "PostmanRuntime/7.51.1"',
  level: 'info',
  service: 'general-service',
  timestamp: '2026-04-17T01:43:50.601Z'
}
{
  message: 'Redis Client Connected',
  level: 'info',
  service: 'general-service',
  timestamp: '2026-04-17T01:44:15.871Z'
}
{
  message: 'MongoDB connected',
  level: 'info',
  service: 'general-service',
  timestamp: '2026-04-17T01:44:18.459Z'
}
{
  message: 'Server running on port 8000',
  level: 'info',
  service: 'general-service',
  timestamp: '2026-04-17T01:44:18.465Z'
}
{
  message: '::1 - - [17/Apr/2026:01:44:18 +0000] "GET /api/message/get-conversations HTTP/1.1" 200 314 "-" "PostmanRuntime/7.51.1"',
  level: 'info',
  service: 'general-service',
  timestamp: '2026-04-17T01:44:18.974Z'
}
{
  message: 'Redis Client Connected',
  level: 'info',
  service: 'general-service',
  timestamp: '2026-04-17T01:44:52.782Z'
}
{
  message: 'MongoDB connected',
  level: 'info',
  service: 'general-service',
  timestamp: '2026-04-17T01:44:55.382Z'
}
{
  message: 'Server running on port 8000',
  level: 'info',
  service: 'general-service',
  timestamp: '2026-04-17T01:44:55.390Z'
}
{
  message: '::1 - - [17/Apr/2026:01:44:56 +0000] "GET /api/message/get-conversations HTTP/1.1" 200 713 "-" "PostmanRuntime/7.51.1"',
  level: 'info',
  service: 'general-service',
  timestamp: '2026-04-17T01:44:56.438Z'
}
{
  message: 'Redis Client Connected',
  level: 'info',
  service: 'general-service',
  timestamp: '2026-04-17T01:45:12.808Z'
}
{
  message: 'MongoDB connected',
  level: 'info',
  service: 'general-service',
  timestamp: '2026-04-17T01:45:16.131Z'
}
{
  message: 'Server running on port 8000',
  level: 'info',
  service: 'general-service',
  timestamp: '2026-04-17T01:45:16.141Z'
}
{
  message: 'Redis Client Connected',
  level: 'info',
  service: 'general-service',
  timestamp: '2026-04-17T01:45:16.633Z'
}
{
  message: 'MongoDB connected',
  level: 'info',
  service: 'general-service',
  timestamp: '2026-04-17T01:45:19.227Z'
}
{
  message: 'Server running on port 8000',
  level: 'info',
  service: 'general-service',
  timestamp: '2026-04-17T01:45:19.236Z'
}
{
  message: '::1 - - [17/Apr/2026:01:45:58 +0000] "GET /api/message/get-conversation/69d56b98c1b5afda08a68fd1 HTTP/1.1" 200 4847 "-" "PostmanRuntime/7.51.1"',
  level: 'info',
  service: 'general-service',
  timestamp: '2026-04-17T01:45:58.161Z'
}
